2018-03-26 00:58:14
	java.lang.NullPointerException
		sun.reflect.NativeMethodAccessorImpl.invoke0(Native Method)
		sun.reflect.NativeMethodAccessorImpl.invoke(Unknown Source)
		sun.reflect.DelegatingMethodAccessorImpl.invoke(Unknown Source)
		java.lang.reflect.Method.invoke(Unknown Source)
		game.tools.net.netty4.protocol.Netty4ProtocolHandler$1.run(Netty4ProtocolHandler.java:117)
		java.util.concurrent.ThreadPoolExecutor.runWorker(Unknown Source)
		java.util.concurrent.ThreadPoolExecutor$Worker.run(Unknown Source)
		java.lang.Thread.run(Unknown Source)
2018-03-26 01:00:08
	java.lang.NullPointerException
		sun.reflect.NativeMethodAccessorImpl.invoke0(Native Method)
		sun.reflect.NativeMethodAccessorImpl.invoke(Unknown Source)
		sun.reflect.DelegatingMethodAccessorImpl.invoke(Unknown Source)
		java.lang.reflect.Method.invoke(Unknown Source)
		game.tools.net.netty4.protocol.Netty4ProtocolHandler$1.run(Netty4ProtocolHandler.java:117)
		java.util.concurrent.ThreadPoolExecutor.runWorker(Unknown Source)
		java.util.concurrent.ThreadPoolExecutor$Worker.run(Unknown Source)
		java.lang.Thread.run(Unknown Source)
2018-03-26 01:00:29
	java.lang.IllegalArgumentException: wrong number of arguments
		sun.reflect.NativeMethodAccessorImpl.invoke0(Native Method)
		sun.reflect.NativeMethodAccessorImpl.invoke(Unknown Source)
		sun.reflect.DelegatingMethodAccessorImpl.invoke(Unknown Source)
		java.lang.reflect.Method.invoke(Unknown Source)
		game.tools.net.netty4.protocol.Netty4ProtocolHandler$1.run(Netty4ProtocolHandler.java:117)
		java.util.concurrent.ThreadPoolExecutor.runWorker(Unknown Source)
		java.util.concurrent.ThreadPoolExecutor$Worker.run(Unknown Source)
		java.lang.Thread.run(Unknown Source)
2018-03-26 01:15:22
	java.lang.Exception: scanClassPackage Not src and null
		game.tools.net.netty4.protocol.Netty4ProtocolHandler.<init>(Netty4ProtocolHandler.java:44)
		game.tools.net.netty4.protocol.Netty4ProtocolHandler.<init>(Netty4ProtocolHandler.java:36)
		game.tools.net.netty4.protocol.Netty4ProtocolServerMain.main(Netty4ProtocolServerMain.java:17)
2018-03-26 01:15:41
	java.lang.Exception: scanClassPackage Not src and null
		game.tools.net.netty4.protocol.Netty4ProtocolHandler.<init>(Netty4ProtocolHandler.java:44)
		game.tools.net.netty4.protocol.Netty4ProtocolHandler.<init>(Netty4ProtocolHandler.java:36)
		game.tools.net.netty4.protocol.Netty4ProtocolServerMain.main(Netty4ProtocolServerMain.java:17)
2018-03-26 01:21:50
	java.lang.Exception: scanClassPackage Not src and null
		game.tools.net.netty4.protocol.Netty4ProtocolHandler.<init>(Netty4ProtocolHandler.java:62)
		game.tools.net.netty4.protocol.Netty4ProtocolHandler.<init>(Netty4ProtocolHandler.java:54)
		game.tools.net.netty4.protocol.Netty4ProtocolServerMain.main(Netty4ProtocolServerMain.java:17)
2018-03-26 01:56:31
	java.lang.ClassCastException: java.lang.String cannot be cast to java.lang.Integer
		game.tools.rpc.linda.LindaRpcServer$2.getNo(LindaRpcServer.java:343)
		game.tools.rpc.linda.LindaRpcServer.executeHandler(LindaRpcServer.java:221)
		game.tools.rpc.linda.LindaRpcServer.access$0(LindaRpcServer.java:219)
		game.tools.rpc.linda.LindaRpcServer$1LindaHandler.channelActive(LindaRpcServer.java:167)
		io.netty.channel.AbstractChannelHandlerContext.invokeChannelActive(AbstractChannelHandlerContext.java:213)
		io.netty.channel.AbstractChannelHandlerContext.invokeChannelActive(AbstractChannelHandlerContext.java:199)
		io.netty.channel.AbstractChannelHandlerContext.fireChannelActive(AbstractChannelHandlerContext.java:192)
		io.netty.channel.ChannelInboundHandlerAdapter.channelActive(ChannelInboundHandlerAdapter.java:64)
		io.netty.channel.AbstractChannelHandlerContext.invokeChannelActive(AbstractChannelHandlerContext.java:213)
		io.netty.channel.AbstractChannelHandlerContext.invokeChannelActive(AbstractChannelHandlerContext.java:199)
		io.netty.channel.AbstractChannelHandlerContext.fireChannelActive(AbstractChannelHandlerContext.java:192)
		io.netty.channel.DefaultChannelPipeline$HeadContext.channelActive(DefaultChannelPipeline.java:1322)
		io.netty.channel.AbstractChannelHandlerContext.invokeChannelActive(AbstractChannelHandlerContext.java:213)
		io.netty.channel.AbstractChannelHandlerContext.invokeChannelActive(AbstractChannelHandlerContext.java:199)
		io.netty.channel.DefaultChannelPipeline.fireChannelActive(DefaultChannelPipeline.java:902)
		io.netty.channel.AbstractChannel$AbstractUnsafe.register0(AbstractChannel.java:514)
		io.netty.channel.AbstractChannel$AbstractUnsafe.access$200(AbstractChannel.java:419)
		io.netty.channel.AbstractChannel$AbstractUnsafe$1.run(AbstractChannel.java:478)
		io.netty.util.concurrent.AbstractEventExecutor.safeExecute(AbstractEventExecutor.java:163)
		io.netty.util.concurrent.SingleThreadEventExecutor.runAllTasks(SingleThreadEventExecutor.java:403)
		io.netty.channel.nio.NioEventLoop.run(NioEventLoop.java:442)
		io.netty.util.concurrent.SingleThreadEventExecutor$5.run(SingleThreadEventExecutor.java:858)
		java.lang.Thread.run(Unknown Source)
2018-03-26 01:56:31
	java.lang.ClassCastException: java.lang.String cannot be cast to java.lang.Integer
		game.tools.rpc.linda.LindaRpcServer$2.getNo(LindaRpcServer.java:343)
		game.tools.rpc.linda.LindaRpcServer.executeHandler(LindaRpcServer.java:221)
		game.tools.rpc.linda.LindaRpcServer.access$0(LindaRpcServer.java:219)
		game.tools.rpc.linda.LindaRpcServer$1LindaHandler.channelActive(LindaRpcServer.java:167)
		io.netty.channel.AbstractChannelHandlerContext.invokeChannelActive(AbstractChannelHandlerContext.java:213)
		io.netty.channel.AbstractChannelHandlerContext.invokeChannelActive(AbstractChannelHandlerContext.java:199)
		io.netty.channel.AbstractChannelHandlerContext.fireChannelActive(AbstractChannelHandlerContext.java:192)
		io.netty.channel.ChannelInboundHandlerAdapter.channelActive(ChannelInboundHandlerAdapter.java:64)
		io.netty.channel.AbstractChannelHandlerContext.invokeChannelActive(AbstractChannelHandlerContext.java:213)
		io.netty.channel.AbstractChannelHandlerContext.invokeChannelActive(AbstractChannelHandlerContext.java:199)
		io.netty.channel.AbstractChannelHandlerContext.fireChannelActive(AbstractChannelHandlerContext.java:192)
		io.netty.channel.DefaultChannelPipeline$HeadContext.channelActive(DefaultChannelPipeline.java:1322)
		io.netty.channel.AbstractChannelHandlerContext.invokeChannelActive(AbstractChannelHandlerContext.java:213)
		io.netty.channel.AbstractChannelHandlerContext.invokeChannelActive(AbstractChannelHandlerContext.java:199)
		io.netty.channel.DefaultChannelPipeline.fireChannelActive(DefaultChannelPipeline.java:902)
		io.netty.channel.AbstractChannel$AbstractUnsafe.register0(AbstractChannel.java:514)
		io.netty.channel.AbstractChannel$AbstractUnsafe.access$200(AbstractChannel.java:419)
		io.netty.channel.AbstractChannel$AbstractUnsafe$1.run(AbstractChannel.java:478)
		io.netty.util.concurrent.AbstractEventExecutor.safeExecute(AbstractEventExecutor.java:163)
		io.netty.util.concurrent.SingleThreadEventExecutor.runAllTasks(SingleThreadEventExecutor.java:403)
		io.netty.channel.nio.NioEventLoop.run(NioEventLoop.java:442)
		io.netty.util.concurrent.SingleThreadEventExecutor$5.run(SingleThreadEventExecutor.java:858)
		java.lang.Thread.run(Unknown Source)
2018-03-26 01:56:31
	java.lang.Exception: LindaRpcServer.executeHandler:1 Not Handler.
		game.tools.rpc.linda.LindaRpcServer.executeHandler(LindaRpcServer.java:226)
		game.tools.rpc.linda.LindaRpcServer.access$0(LindaRpcServer.java:219)
		game.tools.rpc.linda.LindaRpcServer$1LindaHandler.channelRead(LindaRpcServer.java:199)
		io.netty.channel.AbstractChannelHandlerContext.invokeChannelRead(AbstractChannelHandlerContext.java:362)
		io.netty.channel.AbstractChannelHandlerContext.invokeChannelRead(AbstractChannelHandlerContext.java:348)
		io.netty.channel.AbstractChannelHandlerContext.fireChannelRead(AbstractChannelHandlerContext.java:340)
		io.netty.handler.codec.ByteToMessageDecoder.fireChannelRead(ByteToMessageDecoder.java:293)
		io.netty.handler.codec.ByteToMessageDecoder.channelRead(ByteToMessageDecoder.java:267)
		io.netty.channel.AbstractChannelHandlerContext.invokeChannelRead(AbstractChannelHandlerContext.java:362)
		io.netty.channel.AbstractChannelHandlerContext.invokeChannelRead(AbstractChannelHandlerContext.java:348)
		io.netty.channel.AbstractChannelHandlerContext.fireChannelRead(AbstractChannelHandlerContext.java:340)
		io.netty.channel.DefaultChannelPipeline$HeadContext.channelRead(DefaultChannelPipeline.java:1334)
		io.netty.channel.AbstractChannelHandlerContext.invokeChannelRead(AbstractChannelHandlerContext.java:362)
		io.netty.channel.AbstractChannelHandlerContext.invokeChannelRead(AbstractChannelHandlerContext.java:348)
		io.netty.channel.DefaultChannelPipeline.fireChannelRead(DefaultChannelPipeline.java:926)
		io.netty.channel.nio.AbstractNioByteChannel$NioByteUnsafe.read(AbstractNioByteChannel.java:134)
		io.netty.channel.nio.NioEventLoop.processSelectedKey(NioEventLoop.java:624)
		io.netty.channel.nio.NioEventLoop.processSelectedKeysOptimized(NioEventLoop.java:559)
		io.netty.channel.nio.NioEventLoop.processSelectedKeys(NioEventLoop.java:476)
		io.netty.channel.nio.NioEventLoop.run(NioEventLoop.java:438)
		io.netty.util.concurrent.SingleThreadEventExecutor$5.run(SingleThreadEventExecutor.java:858)
		java.lang.Thread.run(Unknown Source)
2018-03-26 01:56:31
	java.lang.Exception: LindaRpcServer.executeHandler:2 Not Handler.
		game.tools.rpc.linda.LindaRpcServer.executeHandler(LindaRpcServer.java:226)
		game.tools.rpc.linda.LindaRpcServer.access$0(LindaRpcServer.java:219)
		game.tools.rpc.linda.LindaRpcServer$1LindaHandler.channelRead(LindaRpcServer.java:199)
		io.netty.channel.AbstractChannelHandlerContext.invokeChannelRead(AbstractChannelHandlerContext.java:362)
		io.netty.channel.AbstractChannelHandlerContext.invokeChannelRead(AbstractChannelHandlerContext.java:348)
		io.netty.channel.AbstractChannelHandlerContext.fireChannelRead(AbstractChannelHandlerContext.java:340)
		io.netty.handler.codec.ByteToMessageDecoder.fireChannelRead(ByteToMessageDecoder.java:293)
		io.netty.handler.codec.ByteToMessageDecoder.channelRead(ByteToMessageDecoder.java:267)
		io.netty.channel.AbstractChannelHandlerContext.invokeChannelRead(AbstractChannelHandlerContext.java:362)
		io.netty.channel.AbstractChannelHandlerContext.invokeChannelRead(AbstractChannelHandlerContext.java:348)
		io.netty.channel.AbstractChannelHandlerContext.fireChannelRead(AbstractChannelHandlerContext.java:340)
		io.netty.channel.DefaultChannelPipeline$HeadContext.channelRead(DefaultChannelPipeline.java:1334)
		io.netty.channel.AbstractChannelHandlerContext.invokeChannelRead(AbstractChannelHandlerContext.java:362)
		io.netty.channel.AbstractChannelHandlerContext.invokeChannelRead(AbstractChannelHandlerContext.java:348)
		io.netty.channel.DefaultChannelPipeline.fireChannelRead(DefaultChannelPipeline.java:926)
		io.netty.channel.nio.AbstractNioByteChannel$NioByteUnsafe.read(AbstractNioByteChannel.java:134)
		io.netty.channel.nio.NioEventLoop.processSelectedKey(NioEventLoop.java:624)
		io.netty.channel.nio.NioEventLoop.processSelectedKeysOptimized(NioEventLoop.java:559)
		io.netty.channel.nio.NioEventLoop.processSelectedKeys(NioEventLoop.java:476)
		io.netty.channel.nio.NioEventLoop.run(NioEventLoop.java:438)
		io.netty.util.concurrent.SingleThreadEventExecutor$5.run(SingleThreadEventExecutor.java:858)
		java.lang.Thread.run(Unknown Source)
2018-03-26 01:56:34
	java.lang.ClassCastException: java.lang.String cannot be cast to java.lang.Integer
		game.tools.rpc.linda.LindaRpcServer$2.getNo(LindaRpcServer.java:343)
		game.tools.rpc.linda.LindaRpcServer.executeHandler(LindaRpcServer.java:221)
		game.tools.rpc.linda.LindaRpcServer.access$0(LindaRpcServer.java:219)
		game.tools.rpc.linda.LindaRpcServer$1LindaHandler.channelInactive(LindaRpcServer.java:182)
		io.netty.channel.AbstractChannelHandlerContext.invokeChannelInactive(AbstractChannelHandlerContext.java:245)
		io.netty.channel.AbstractChannelHandlerContext.invokeChannelInactive(AbstractChannelHandlerContext.java:231)
		io.netty.channel.AbstractChannelHandlerContext.fireChannelInactive(AbstractChannelHandlerContext.java:224)
		io.netty.handler.codec.ByteToMessageDecoder.channelInputClosed(ByteToMessageDecoder.java:360)
		io.netty.handler.codec.ByteToMessageDecoder.channelInactive(ByteToMessageDecoder.java:325)
		io.netty.channel.AbstractChannelHandlerContext.invokeChannelInactive(AbstractChannelHandlerContext.java:245)
		io.netty.channel.AbstractChannelHandlerContext.invokeChannelInactive(AbstractChannelHandlerContext.java:231)
		io.netty.channel.AbstractChannelHandlerContext.fireChannelInactive(AbstractChannelHandlerContext.java:224)
		io.netty.channel.DefaultChannelPipeline$HeadContext.channelInactive(DefaultChannelPipeline.java:1329)
		io.netty.channel.AbstractChannelHandlerContext.invokeChannelInactive(AbstractChannelHandlerContext.java:245)
		io.netty.channel.AbstractChannelHandlerContext.invokeChannelInactive(AbstractChannelHandlerContext.java:231)
		io.netty.channel.DefaultChannelPipeline.fireChannelInactive(DefaultChannelPipeline.java:908)
		io.netty.channel.AbstractChannel$AbstractUnsafe$7.run(AbstractChannel.java:744)
		io.netty.util.concurrent.AbstractEventExecutor.safeExecute(AbstractEventExecutor.java:163)
		io.netty.util.concurrent.SingleThreadEventExecutor.runAllTasks(SingleThreadEventExecutor.java:403)
		io.netty.channel.nio.NioEventLoop.run(NioEventLoop.java:442)
		io.netty.util.concurrent.SingleThreadEventExecutor$5.run(SingleThreadEventExecutor.java:858)
		java.lang.Thread.run(Unknown Source)
2018-03-26 01:56:34
	java.lang.ClassCastException: java.lang.String cannot be cast to java.lang.Integer
		game.tools.rpc.linda.LindaRpcServer$2.getNo(LindaRpcServer.java:343)
		game.tools.rpc.linda.LindaRpcServer.executeHandler(LindaRpcServer.java:221)
		game.tools.rpc.linda.LindaRpcServer.access$0(LindaRpcServer.java:219)
		game.tools.rpc.linda.LindaRpcServer$1LindaHandler.channelInactive(LindaRpcServer.java:182)
		io.netty.channel.AbstractChannelHandlerContext.invokeChannelInactive(AbstractChannelHandlerContext.java:245)
		io.netty.channel.AbstractChannelHandlerContext.invokeChannelInactive(AbstractChannelHandlerContext.java:231)
		io.netty.channel.AbstractChannelHandlerContext.fireChannelInactive(AbstractChannelHandlerContext.java:224)
		io.netty.handler.codec.ByteToMessageDecoder.channelInputClosed(ByteToMessageDecoder.java:360)
		io.netty.handler.codec.ByteToMessageDecoder.channelInactive(ByteToMessageDecoder.java:325)
		io.netty.channel.AbstractChannelHandlerContext.invokeChannelInactive(AbstractChannelHandlerContext.java:245)
		io.netty.channel.AbstractChannelHandlerContext.invokeChannelInactive(AbstractChannelHandlerContext.java:231)
		io.netty.channel.AbstractChannelHandlerContext.fireChannelInactive(AbstractChannelHandlerContext.java:224)
		io.netty.channel.DefaultChannelPipeline$HeadContext.channelInactive(DefaultChannelPipeline.java:1329)
		io.netty.channel.AbstractChannelHandlerContext.invokeChannelInactive(AbstractChannelHandlerContext.java:245)
		io.netty.channel.AbstractChannelHandlerContext.invokeChannelInactive(AbstractChannelHandlerContext.java:231)
		io.netty.channel.DefaultChannelPipeline.fireChannelInactive(DefaultChannelPipeline.java:908)
		io.netty.channel.AbstractChannel$AbstractUnsafe$7.run(AbstractChannel.java:744)
		io.netty.util.concurrent.AbstractEventExecutor.safeExecute(AbstractEventExecutor.java:163)
		io.netty.util.concurrent.SingleThreadEventExecutor.runAllTasks(SingleThreadEventExecutor.java:403)
		io.netty.channel.nio.NioEventLoop.run(NioEventLoop.java:442)
		io.netty.util.concurrent.SingleThreadEventExecutor$5.run(SingleThreadEventExecutor.java:858)
		java.lang.Thread.run(Unknown Source)
2018-03-26 01:59:48
	java.lang.ClassCastException: java.lang.String cannot be cast to java.lang.Integer
		game.tools.rpc.linda.LindaRpcServer$2.getNo(LindaRpcServer.java:343)
		game.tools.rpc.linda.LindaRpcServer.executeHandler(LindaRpcServer.java:221)
		game.tools.rpc.linda.LindaRpcServer.access$0(LindaRpcServer.java:219)
		game.tools.rpc.linda.LindaRpcServer$1LindaHandler.channelActive(LindaRpcServer.java:167)
		io.netty.channel.AbstractChannelHandlerContext.invokeChannelActive(AbstractChannelHandlerContext.java:213)
		io.netty.channel.AbstractChannelHandlerContext.invokeChannelActive(AbstractChannelHandlerContext.java:199)
		io.netty.channel.AbstractChannelHandlerContext.fireChannelActive(AbstractChannelHandlerContext.java:192)
		io.netty.channel.ChannelInboundHandlerAdapter.channelActive(ChannelInboundHandlerAdapter.java:64)
		io.netty.channel.AbstractChannelHandlerContext.invokeChannelActive(AbstractChannelHandlerContext.java:213)
		io.netty.channel.AbstractChannelHandlerContext.invokeChannelActive(AbstractChannelHandlerContext.java:199)
		io.netty.channel.AbstractChannelHandlerContext.fireChannelActive(AbstractChannelHandlerContext.java:192)
		io.netty.channel.DefaultChannelPipeline$HeadContext.channelActive(DefaultChannelPipeline.java:1322)
		io.netty.channel.AbstractChannelHandlerContext.invokeChannelActive(AbstractChannelHandlerContext.java:213)
		io.netty.channel.AbstractChannelHandlerContext.invokeChannelActive(AbstractChannelHandlerContext.java:199)
		io.netty.channel.DefaultChannelPipeline.fireChannelActive(DefaultChannelPipeline.java:902)
		io.netty.channel.AbstractChannel$AbstractUnsafe.register0(AbstractChannel.java:514)
		io.netty.channel.AbstractChannel$AbstractUnsafe.access$200(AbstractChannel.java:419)
		io.netty.channel.AbstractChannel$AbstractUnsafe$1.run(AbstractChannel.java:478)
		io.netty.util.concurrent.AbstractEventExecutor.safeExecute(AbstractEventExecutor.java:163)
		io.netty.util.concurrent.SingleThreadEventExecutor.runAllTasks(SingleThreadEventExecutor.java:403)
		io.netty.channel.nio.NioEventLoop.run(NioEventLoop.java:442)
		io.netty.util.concurrent.SingleThreadEventExecutor$5.run(SingleThreadEventExecutor.java:858)
		java.lang.Thread.run(Unknown Source)
2018-03-26 01:59:48
	java.lang.Exception: LindaRpcServer.executeHandler:1 Not Handler.
		game.tools.rpc.linda.LindaRpcServer.executeHandler(LindaRpcServer.java:226)
		game.tools.rpc.linda.LindaRpcServer.access$0(LindaRpcServer.java:219)
		game.tools.rpc.linda.LindaRpcServer$1LindaHandler.channelRead(LindaRpcServer.java:199)
		io.netty.channel.AbstractChannelHandlerContext.invokeChannelRead(AbstractChannelHandlerContext.java:362)
		io.netty.channel.AbstractChannelHandlerContext.invokeChannelRead(AbstractChannelHandlerContext.java:348)
		io.netty.channel.AbstractChannelHandlerContext.fireChannelRead(AbstractChannelHandlerContext.java:340)
		io.netty.handler.codec.ByteToMessageDecoder.fireChannelRead(ByteToMessageDecoder.java:293)
		io.netty.handler.codec.ByteToMessageDecoder.channelRead(ByteToMessageDecoder.java:267)
		io.netty.channel.AbstractChannelHandlerContext.invokeChannelRead(AbstractChannelHandlerContext.java:362)
		io.netty.channel.AbstractChannelHandlerContext.invokeChannelRead(AbstractChannelHandlerContext.java:348)
		io.netty.channel.AbstractChannelHandlerContext.fireChannelRead(AbstractChannelHandlerContext.java:340)
		io.netty.channel.DefaultChannelPipeline$HeadContext.channelRead(DefaultChannelPipeline.java:1334)
		io.netty.channel.AbstractChannelHandlerContext.invokeChannelRead(AbstractChannelHandlerContext.java:362)
		io.netty.channel.AbstractChannelHandlerContext.invokeChannelRead(AbstractChannelHandlerContext.java:348)
		io.netty.channel.DefaultChannelPipeline.fireChannelRead(DefaultChannelPipeline.java:926)
		io.netty.channel.nio.AbstractNioByteChannel$NioByteUnsafe.read(AbstractNioByteChannel.java:134)
		io.netty.channel.nio.NioEventLoop.processSelectedKey(NioEventLoop.java:624)
		io.netty.channel.nio.NioEventLoop.processSelectedKeysOptimized(NioEventLoop.java:559)
		io.netty.channel.nio.NioEventLoop.processSelectedKeys(NioEventLoop.java:476)
		io.netty.channel.nio.NioEventLoop.run(NioEventLoop.java:438)
		io.netty.util.concurrent.SingleThreadEventExecutor$5.run(SingleThreadEventExecutor.java:858)
		java.lang.Thread.run(Unknown Source)
2018-03-26 01:59:49
	java.lang.ClassCastException: java.lang.String cannot be cast to java.lang.Integer
		game.tools.rpc.linda.LindaRpcServer$2.getNo(LindaRpcServer.java:343)
		game.tools.rpc.linda.LindaRpcServer.executeHandler(LindaRpcServer.java:221)
		game.tools.rpc.linda.LindaRpcServer.access$0(LindaRpcServer.java:219)
		game.tools.rpc.linda.LindaRpcServer$1LindaHandler.channelActive(LindaRpcServer.java:167)
		io.netty.channel.AbstractChannelHandlerContext.invokeChannelActive(AbstractChannelHandlerContext.java:213)
		io.netty.channel.AbstractChannelHandlerContext.invokeChannelActive(AbstractChannelHandlerContext.java:199)
		io.netty.channel.AbstractChannelHandlerContext.fireChannelActive(AbstractChannelHandlerContext.java:192)
		io.netty.channel.ChannelInboundHandlerAdapter.channelActive(ChannelInboundHandlerAdapter.java:64)
		io.netty.channel.AbstractChannelHandlerContext.invokeChannelActive(AbstractChannelHandlerContext.java:213)
		io.netty.channel.AbstractChannelHandlerContext.invokeChannelActive(AbstractChannelHandlerContext.java:199)
		io.netty.channel.AbstractChannelHandlerContext.fireChannelActive(AbstractChannelHandlerContext.java:192)
		io.netty.channel.DefaultChannelPipeline$HeadContext.channelActive(DefaultChannelPipeline.java:1322)
		io.netty.channel.AbstractChannelHandlerContext.invokeChannelActive(AbstractChannelHandlerContext.java:213)
		io.netty.channel.AbstractChannelHandlerContext.invokeChannelActive(AbstractChannelHandlerContext.java:199)
		io.netty.channel.DefaultChannelPipeline.fireChannelActive(DefaultChannelPipeline.java:902)
		io.netty.channel.AbstractChannel$AbstractUnsafe.register0(AbstractChannel.java:514)
		io.netty.channel.AbstractChannel$AbstractUnsafe.access$200(AbstractChannel.java:419)
		io.netty.channel.AbstractChannel$AbstractUnsafe$1.run(AbstractChannel.java:478)
		io.netty.util.concurrent.AbstractEventExecutor.safeExecute(AbstractEventExecutor.java:163)
		io.netty.util.concurrent.SingleThreadEventExecutor.runAllTasks(SingleThreadEventExecutor.java:403)
		io.netty.channel.nio.NioEventLoop.run(NioEventLoop.java:442)
		io.netty.util.concurrent.SingleThreadEventExecutor$5.run(SingleThreadEventExecutor.java:858)
		java.lang.Thread.run(Unknown Source)
2018-03-26 01:59:49
	java.lang.Exception: LindaRpcServer.executeHandler:2 Not Handler.
		game.tools.rpc.linda.LindaRpcServer.executeHandler(LindaRpcServer.java:226)
		game.tools.rpc.linda.LindaRpcServer.access$0(LindaRpcServer.java:219)
		game.tools.rpc.linda.LindaRpcServer$1LindaHandler.channelRead(LindaRpcServer.java:199)
		io.netty.channel.AbstractChannelHandlerContext.invokeChannelRead(AbstractChannelHandlerContext.java:362)
		io.netty.channel.AbstractChannelHandlerContext.invokeChannelRead(AbstractChannelHandlerContext.java:348)
		io.netty.channel.AbstractChannelHandlerContext.fireChannelRead(AbstractChannelHandlerContext.java:340)
		io.netty.handler.codec.ByteToMessageDecoder.fireChannelRead(ByteToMessageDecoder.java:293)
		io.netty.handler.codec.ByteToMessageDecoder.channelRead(ByteToMessageDecoder.java:267)
		io.netty.channel.AbstractChannelHandlerContext.invokeChannelRead(AbstractChannelHandlerContext.java:362)
		io.netty.channel.AbstractChannelHandlerContext.invokeChannelRead(AbstractChannelHandlerContext.java:348)
		io.netty.channel.AbstractChannelHandlerContext.fireChannelRead(AbstractChannelHandlerContext.java:340)
		io.netty.channel.DefaultChannelPipeline$HeadContext.channelRead(DefaultChannelPipeline.java:1334)
		io.netty.channel.AbstractChannelHandlerContext.invokeChannelRead(AbstractChannelHandlerContext.java:362)
		io.netty.channel.AbstractChannelHandlerContext.invokeChannelRead(AbstractChannelHandlerContext.java:348)
		io.netty.channel.DefaultChannelPipeline.fireChannelRead(DefaultChannelPipeline.java:926)
		io.netty.channel.nio.AbstractNioByteChannel$NioByteUnsafe.read(AbstractNioByteChannel.java:134)
		io.netty.channel.nio.NioEventLoop.processSelectedKey(NioEventLoop.java:624)
		io.netty.channel.nio.NioEventLoop.processSelectedKeysOptimized(NioEventLoop.java:559)
		io.netty.channel.nio.NioEventLoop.processSelectedKeys(NioEventLoop.java:476)
		io.netty.channel.nio.NioEventLoop.run(NioEventLoop.java:438)
		io.netty.util.concurrent.SingleThreadEventExecutor$5.run(SingleThreadEventExecutor.java:858)
		java.lang.Thread.run(Unknown Source)
2018-03-26 02:00:14
	java.lang.Exception: LindaRpcServer.executeHandler:1 Not Handler.
		game.tools.rpc.linda.LindaRpcServer.executeHandler(LindaRpcServer.java:226)
		game.tools.rpc.linda.LindaRpcServer.access$0(LindaRpcServer.java:219)
		game.tools.rpc.linda.LindaRpcServer$1LindaHandler.channelRead(LindaRpcServer.java:199)
		io.netty.channel.AbstractChannelHandlerContext.invokeChannelRead(AbstractChannelHandlerContext.java:362)
		io.netty.channel.AbstractChannelHandlerContext.invokeChannelRead(AbstractChannelHandlerContext.java:348)
		io.netty.channel.AbstractChannelHandlerContext.fireChannelRead(AbstractChannelHandlerContext.java:340)
		io.netty.handler.codec.ByteToMessageDecoder.fireChannelRead(ByteToMessageDecoder.java:293)
		io.netty.handler.codec.ByteToMessageDecoder.channelRead(ByteToMessageDecoder.java:267)
		io.netty.channel.AbstractChannelHandlerContext.invokeChannelRead(AbstractChannelHandlerContext.java:362)
		io.netty.channel.AbstractChannelHandlerContext.invokeChannelRead(AbstractChannelHandlerContext.java:348)
		io.netty.channel.AbstractChannelHandlerContext.fireChannelRead(AbstractChannelHandlerContext.java:340)
		io.netty.channel.DefaultChannelPipeline$HeadContext.channelRead(DefaultChannelPipeline.java:1334)
		io.netty.channel.AbstractChannelHandlerContext.invokeChannelRead(AbstractChannelHandlerContext.java:362)
		io.netty.channel.AbstractChannelHandlerContext.invokeChannelRead(AbstractChannelHandlerContext.java:348)
		io.netty.channel.DefaultChannelPipeline.fireChannelRead(DefaultChannelPipeline.java:926)
		io.netty.channel.nio.AbstractNioByteChannel$NioByteUnsafe.read(AbstractNioByteChannel.java:134)
		io.netty.channel.nio.NioEventLoop.processSelectedKey(NioEventLoop.java:624)
		io.netty.channel.nio.NioEventLoop.processSelectedKeysOptimized(NioEventLoop.java:559)
		io.netty.channel.nio.NioEventLoop.processSelectedKeys(NioEventLoop.java:476)
		io.netty.channel.nio.NioEventLoop.run(NioEventLoop.java:438)
		io.netty.util.concurrent.SingleThreadEventExecutor$5.run(SingleThreadEventExecutor.java:858)
		java.lang.Thread.run(Unknown Source)
2018-03-26 02:00:14
	java.lang.Exception: LindaRpcServer.executeHandler:2 Not Handler.
		game.tools.rpc.linda.LindaRpcServer.executeHandler(LindaRpcServer.java:226)
		game.tools.rpc.linda.LindaRpcServer.access$0(LindaRpcServer.java:219)
		game.tools.rpc.linda.LindaRpcServer$1LindaHandler.channelRead(LindaRpcServer.java:199)
		io.netty.channel.AbstractChannelHandlerContext.invokeChannelRead(AbstractChannelHandlerContext.java:362)
		io.netty.channel.AbstractChannelHandlerContext.invokeChannelRead(AbstractChannelHandlerContext.java:348)
		io.netty.channel.AbstractChannelHandlerContext.fireChannelRead(AbstractChannelHandlerContext.java:340)
		io.netty.handler.codec.ByteToMessageDecoder.fireChannelRead(ByteToMessageDecoder.java:293)
		io.netty.handler.codec.ByteToMessageDecoder.channelRead(ByteToMessageDecoder.java:267)
		io.netty.channel.AbstractChannelHandlerContext.invokeChannelRead(AbstractChannelHandlerContext.java:362)
		io.netty.channel.AbstractChannelHandlerContext.invokeChannelRead(AbstractChannelHandlerContext.java:348)
		io.netty.channel.AbstractChannelHandlerContext.fireChannelRead(AbstractChannelHandlerContext.java:340)
		io.netty.channel.DefaultChannelPipeline$HeadContext.channelRead(DefaultChannelPipeline.java:1334)
		io.netty.channel.AbstractChannelHandlerContext.invokeChannelRead(AbstractChannelHandlerContext.java:362)
		io.netty.channel.AbstractChannelHandlerContext.invokeChannelRead(AbstractChannelHandlerContext.java:348)
		io.netty.channel.DefaultChannelPipeline.fireChannelRead(DefaultChannelPipeline.java:926)
		io.netty.channel.nio.AbstractNioByteChannel$NioByteUnsafe.read(AbstractNioByteChannel.java:134)
		io.netty.channel.nio.NioEventLoop.processSelectedKey(NioEventLoop.java:624)
		io.netty.channel.nio.NioEventLoop.processSelectedKeysOptimized(NioEventLoop.java:559)
		io.netty.channel.nio.NioEventLoop.processSelectedKeys(NioEventLoop.java:476)
		io.netty.channel.nio.NioEventLoop.run(NioEventLoop.java:438)
		io.netty.util.concurrent.SingleThreadEventExecutor$5.run(SingleThreadEventExecutor.java:858)
		java.lang.Thread.run(Unknown Source)
2018-03-26 02:00:14
	java.lang.Exception: LindaRpcServer.executeHandler:3 Not Handler.
		game.tools.rpc.linda.LindaRpcServer.executeHandler(LindaRpcServer.java:226)
		game.tools.rpc.linda.LindaRpcServer.access$0(LindaRpcServer.java:219)
		game.tools.rpc.linda.LindaRpcServer$1LindaHandler.channelRead(LindaRpcServer.java:199)
		io.netty.channel.AbstractChannelHandlerContext.invokeChannelRead(AbstractChannelHandlerContext.java:362)
		io.netty.channel.AbstractChannelHandlerContext.invokeChannelRead(AbstractChannelHandlerContext.java:348)
		io.netty.channel.AbstractChannelHandlerContext.fireChannelRead(AbstractChannelHandlerContext.java:340)
		io.netty.handler.codec.ByteToMessageDecoder.fireChannelRead(ByteToMessageDecoder.java:293)
		io.netty.handler.codec.ByteToMessageDecoder.channelRead(ByteToMessageDecoder.java:267)
		io.netty.channel.AbstractChannelHandlerContext.invokeChannelRead(AbstractChannelHandlerContext.java:362)
		io.netty.channel.AbstractChannelHandlerContext.invokeChannelRead(AbstractChannelHandlerContext.java:348)
		io.netty.channel.AbstractChannelHandlerContext.fireChannelRead(AbstractChannelHandlerContext.java:340)
		io.netty.channel.DefaultChannelPipeline$HeadContext.channelRead(DefaultChannelPipeline.java:1334)
		io.netty.channel.AbstractChannelHandlerContext.invokeChannelRead(AbstractChannelHandlerContext.java:362)
		io.netty.channel.AbstractChannelHandlerContext.invokeChannelRead(AbstractChannelHandlerContext.java:348)
		io.netty.channel.DefaultChannelPipeline.fireChannelRead(DefaultChannelPipeline.java:926)
		io.netty.channel.nio.AbstractNioByteChannel$NioByteUnsafe.read(AbstractNioByteChannel.java:134)
		io.netty.channel.nio.NioEventLoop.processSelectedKey(NioEventLoop.java:624)
		io.netty.channel.nio.NioEventLoop.processSelectedKeysOptimized(NioEventLoop.java:559)
		io.netty.channel.nio.NioEventLoop.processSelectedKeys(NioEventLoop.java:476)
		io.netty.channel.nio.NioEventLoop.run(NioEventLoop.java:438)
		io.netty.util.concurrent.SingleThreadEventExecutor$5.run(SingleThreadEventExecutor.java:858)
		java.lang.Thread.run(Unknown Source)
2018-03-26 02:00:19
	java.lang.Exception: LindaRpcServer.executeHandler:6 Not Handler.
		game.tools.rpc.linda.LindaRpcServer.executeHandler(LindaRpcServer.java:226)
		game.tools.rpc.linda.LindaRpcServer.access$0(LindaRpcServer.java:219)
		game.tools.rpc.linda.LindaRpcServer$1LindaHandler.channelRead(LindaRpcServer.java:199)
		io.netty.channel.AbstractChannelHandlerContext.invokeChannelRead(AbstractChannelHandlerContext.java:362)
		io.netty.channel.AbstractChannelHandlerContext.invokeChannelRead(AbstractChannelHandlerContext.java:348)
		io.netty.channel.AbstractChannelHandlerContext.fireChannelRead(AbstractChannelHandlerContext.java:340)
		io.netty.handler.codec.ByteToMessageDecoder.fireChannelRead(ByteToMessageDecoder.java:293)
		io.netty.handler.codec.ByteToMessageDecoder.channelRead(ByteToMessageDecoder.java:267)
		io.netty.channel.AbstractChannelHandlerContext.invokeChannelRead(AbstractChannelHandlerContext.java:362)
		io.netty.channel.AbstractChannelHandlerContext.invokeChannelRead(AbstractChannelHandlerContext.java:348)
		io.netty.channel.AbstractChannelHandlerContext.fireChannelRead(AbstractChannelHandlerContext.java:340)
		io.netty.channel.DefaultChannelPipeline$HeadContext.channelRead(DefaultChannelPipeline.java:1334)
		io.netty.channel.AbstractChannelHandlerContext.invokeChannelRead(AbstractChannelHandlerContext.java:362)
		io.netty.channel.AbstractChannelHandlerContext.invokeChannelRead(AbstractChannelHandlerContext.java:348)
		io.netty.channel.DefaultChannelPipeline.fireChannelRead(DefaultChannelPipeline.java:926)
		io.netty.channel.nio.AbstractNioByteChannel$NioByteUnsafe.read(AbstractNioByteChannel.java:134)
		io.netty.channel.nio.NioEventLoop.processSelectedKey(NioEventLoop.java:624)
		io.netty.channel.nio.NioEventLoop.processSelectedKeysOptimized(NioEventLoop.java:559)
		io.netty.channel.nio.NioEventLoop.processSelectedKeys(NioEventLoop.java:476)
		io.netty.channel.nio.NioEventLoop.run(NioEventLoop.java:438)
		io.netty.util.concurrent.SingleThreadEventExecutor$5.run(SingleThreadEventExecutor.java:858)
		java.lang.Thread.run(Unknown Source)
2018-03-26 02:00:24
	java.lang.Exception: LindaRpcServer.executeHandler:7 Not Handler.
		game.tools.rpc.linda.LindaRpcServer.executeHandler(LindaRpcServer.java:226)
		game.tools.rpc.linda.LindaRpcServer.access$0(LindaRpcServer.java:219)
		game.tools.rpc.linda.LindaRpcServer$1LindaHandler.channelRead(LindaRpcServer.java:199)
		io.netty.channel.AbstractChannelHandlerContext.invokeChannelRead(AbstractChannelHandlerContext.java:362)
		io.netty.channel.AbstractChannelHandlerContext.invokeChannelRead(AbstractChannelHandlerContext.java:348)
		io.netty.channel.AbstractChannelHandlerContext.fireChannelRead(AbstractChannelHandlerContext.java:340)
		io.netty.handler.codec.ByteToMessageDecoder.fireChannelRead(ByteToMessageDecoder.java:293)
		io.netty.handler.codec.ByteToMessageDecoder.channelRead(ByteToMessageDecoder.java:267)
		io.netty.channel.AbstractChannelHandlerContext.invokeChannelRead(AbstractChannelHandlerContext.java:362)
		io.netty.channel.AbstractChannelHandlerContext.invokeChannelRead(AbstractChannelHandlerContext.java:348)
		io.netty.channel.AbstractChannelHandlerContext.fireChannelRead(AbstractChannelHandlerContext.java:340)
		io.netty.channel.DefaultChannelPipeline$HeadContext.channelRead(DefaultChannelPipeline.java:1334)
		io.netty.channel.AbstractChannelHandlerContext.invokeChannelRead(AbstractChannelHandlerContext.java:362)
		io.netty.channel.AbstractChannelHandlerContext.invokeChannelRead(AbstractChannelHandlerContext.java:348)
		io.netty.channel.DefaultChannelPipeline.fireChannelRead(DefaultChannelPipeline.java:926)
		io.netty.channel.nio.AbstractNioByteChannel$NioByteUnsafe.read(AbstractNioByteChannel.java:134)
		io.netty.channel.nio.NioEventLoop.processSelectedKey(NioEventLoop.java:624)
		io.netty.channel.nio.NioEventLoop.processSelectedKeysOptimized(NioEventLoop.java:559)
		io.netty.channel.nio.NioEventLoop.processSelectedKeys(NioEventLoop.java:476)
		io.netty.channel.nio.NioEventLoop.run(NioEventLoop.java:438)
		io.netty.util.concurrent.SingleThreadEventExecutor$5.run(SingleThreadEventExecutor.java:858)
		java.lang.Thread.run(Unknown Source)
2018-03-26 02:01:11
	java.lang.Exception: LindaRpcServer.executeHandler:3 Not Handler.
		game.tools.rpc.linda.LindaRpcServer.executeHandler(LindaRpcServer.java:226)
		game.tools.rpc.linda.LindaRpcServer.access$0(LindaRpcServer.java:219)
		game.tools.rpc.linda.LindaRpcServer$1LindaHandler.channelRead(LindaRpcServer.java:199)
		io.netty.channel.AbstractChannelHandlerContext.invokeChannelRead(AbstractChannelHandlerContext.java:362)
		io.netty.channel.AbstractChannelHandlerContext.invokeChannelRead(AbstractChannelHandlerContext.java:348)
		io.netty.channel.AbstractChannelHandlerContext.fireChannelRead(AbstractChannelHandlerContext.java:340)
		io.netty.handler.codec.ByteToMessageDecoder.fireChannelRead(ByteToMessageDecoder.java:293)
		io.netty.handler.codec.ByteToMessageDecoder.channelRead(ByteToMessageDecoder.java:267)
		io.netty.channel.AbstractChannelHandlerContext.invokeChannelRead(AbstractChannelHandlerContext.java:362)
		io.netty.channel.AbstractChannelHandlerContext.invokeChannelRead(AbstractChannelHandlerContext.java:348)
		io.netty.channel.AbstractChannelHandlerContext.fireChannelRead(AbstractChannelHandlerContext.java:340)
		io.netty.channel.DefaultChannelPipeline$HeadContext.channelRead(DefaultChannelPipeline.java:1334)
		io.netty.channel.AbstractChannelHandlerContext.invokeChannelRead(AbstractChannelHandlerContext.java:362)
		io.netty.channel.AbstractChannelHandlerContext.invokeChannelRead(AbstractChannelHandlerContext.java:348)
		io.netty.channel.DefaultChannelPipeline.fireChannelRead(DefaultChannelPipeline.java:926)
		io.netty.channel.nio.AbstractNioByteChannel$NioByteUnsafe.read(AbstractNioByteChannel.java:134)
		io.netty.channel.nio.NioEventLoop.processSelectedKey(NioEventLoop.java:624)
		io.netty.channel.nio.NioEventLoop.processSelectedKeysOptimized(NioEventLoop.java:559)
		io.netty.channel.nio.NioEventLoop.processSelectedKeys(NioEventLoop.java:476)
		io.netty.channel.nio.NioEventLoop.run(NioEventLoop.java:438)
		io.netty.util.concurrent.SingleThreadEventExecutor$5.run(SingleThreadEventExecutor.java:858)
		java.lang.Thread.run(Unknown Source)
2018-03-26 02:01:16
	java.lang.Exception: LindaRpcServer.executeHandler:4 Not Handler.
		game.tools.rpc.linda.LindaRpcServer.executeHandler(LindaRpcServer.java:226)
		game.tools.rpc.linda.LindaRpcServer.access$0(LindaRpcServer.java:219)
		game.tools.rpc.linda.LindaRpcServer$1LindaHandler.channelRead(LindaRpcServer.java:199)
		io.netty.channel.AbstractChannelHandlerContext.invokeChannelRead(AbstractChannelHandlerContext.java:362)
		io.netty.channel.AbstractChannelHandlerContext.invokeChannelRead(AbstractChannelHandlerContext.java:348)
		io.netty.channel.AbstractChannelHandlerContext.fireChannelRead(AbstractChannelHandlerContext.java:340)
		io.netty.handler.codec.ByteToMessageDecoder.fireChannelRead(ByteToMessageDecoder.java:293)
		io.netty.handler.codec.ByteToMessageDecoder.channelRead(ByteToMessageDecoder.java:267)
		io.netty.channel.AbstractChannelHandlerContext.invokeChannelRead(AbstractChannelHandlerContext.java:362)
		io.netty.channel.AbstractChannelHandlerContext.invokeChannelRead(AbstractChannelHandlerContext.java:348)
		io.netty.channel.AbstractChannelHandlerContext.fireChannelRead(AbstractChannelHandlerContext.java:340)
		io.netty.channel.DefaultChannelPipeline$HeadContext.channelRead(DefaultChannelPipeline.java:1334)
		io.netty.channel.AbstractChannelHandlerContext.invokeChannelRead(AbstractChannelHandlerContext.java:362)
		io.netty.channel.AbstractChannelHandlerContext.invokeChannelRead(AbstractChannelHandlerContext.java:348)
		io.netty.channel.DefaultChannelPipeline.fireChannelRead(DefaultChannelPipeline.java:926)
		io.netty.channel.nio.AbstractNioByteChannel$NioByteUnsafe.read(AbstractNioByteChannel.java:134)
		io.netty.channel.nio.NioEventLoop.processSelectedKey(NioEventLoop.java:624)
		io.netty.channel.nio.NioEventLoop.processSelectedKeysOptimized(NioEventLoop.java:559)
		io.netty.channel.nio.NioEventLoop.processSelectedKeys(NioEventLoop.java:476)
		io.netty.channel.nio.NioEventLoop.run(NioEventLoop.java:438)
		io.netty.util.concurrent.SingleThreadEventExecutor$5.run(SingleThreadEventExecutor.java:858)
		java.lang.Thread.run(Unknown Source)
2018-03-26 02:01:56
	java.lang.Exception: LindaRpcServer.executeHandler:156 Not Handler.
		game.tools.rpc.linda.LindaRpcServer.executeHandler(LindaRpcServer.java:226)
		game.tools.rpc.linda.LindaRpcServer.access$0(LindaRpcServer.java:219)
		game.tools.rpc.linda.LindaRpcServer$1LindaHandler.channelRead(LindaRpcServer.java:199)
		io.netty.channel.AbstractChannelHandlerContext.invokeChannelRead(AbstractChannelHandlerContext.java:362)
		io.netty.channel.AbstractChannelHandlerContext.invokeChannelRead(AbstractChannelHandlerContext.java:348)
		io.netty.channel.AbstractChannelHandlerContext.fireChannelRead(AbstractChannelHandlerContext.java:340)
		io.netty.handler.codec.ByteToMessageDecoder.fireChannelRead(ByteToMessageDecoder.java:293)
		io.netty.handler.codec.ByteToMessageDecoder.channelRead(ByteToMessageDecoder.java:267)
		io.netty.channel.AbstractChannelHandlerContext.invokeChannelRead(AbstractChannelHandlerContext.java:362)
		io.netty.channel.AbstractChannelHandlerContext.invokeChannelRead(AbstractChannelHandlerContext.java:348)
		io.netty.channel.AbstractChannelHandlerContext.fireChannelRead(AbstractChannelHandlerContext.java:340)
		io.netty.channel.DefaultChannelPipeline$HeadContext.channelRead(DefaultChannelPipeline.java:1334)
		io.netty.channel.AbstractChannelHandlerContext.invokeChannelRead(AbstractChannelHandlerContext.java:362)
		io.netty.channel.AbstractChannelHandlerContext.invokeChannelRead(AbstractChannelHandlerContext.java:348)
		io.netty.channel.DefaultChannelPipeline.fireChannelRead(DefaultChannelPipeline.java:926)
		io.netty.channel.nio.AbstractNioByteChannel$NioByteUnsafe.read(AbstractNioByteChannel.java:134)
		io.netty.channel.nio.NioEventLoop.processSelectedKey(NioEventLoop.java:624)
		io.netty.channel.nio.NioEventLoop.processSelectedKeysOptimized(NioEventLoop.java:559)
		io.netty.channel.nio.NioEventLoop.processSelectedKeys(NioEventLoop.java:476)
		io.netty.channel.nio.NioEventLoop.run(NioEventLoop.java:438)
		io.netty.util.concurrent.SingleThreadEventExecutor$5.run(SingleThreadEventExecutor.java:858)
		java.lang.Thread.run(Unknown Source)
2018-03-26 02:02:01
	java.lang.Exception: LindaRpcServer.executeHandler:156 Not Handler.
		game.tools.rpc.linda.LindaRpcServer.executeHandler(LindaRpcServer.java:226)
		game.tools.rpc.linda.LindaRpcServer.access$0(LindaRpcServer.java:219)
		game.tools.rpc.linda.LindaRpcServer$1LindaHandler.channelRead(LindaRpcServer.java:199)
		io.netty.channel.AbstractChannelHandlerContext.invokeChannelRead(AbstractChannelHandlerContext.java:362)
		io.netty.channel.AbstractChannelHandlerContext.invokeChannelRead(AbstractChannelHandlerContext.java:348)
		io.netty.channel.AbstractChannelHandlerContext.fireChannelRead(AbstractChannelHandlerContext.java:340)
		io.netty.handler.codec.ByteToMessageDecoder.fireChannelRead(ByteToMessageDecoder.java:293)
		io.netty.handler.codec.ByteToMessageDecoder.channelRead(ByteToMessageDecoder.java:267)
		io.netty.channel.AbstractChannelHandlerContext.invokeChannelRead(AbstractChannelHandlerContext.java:362)
		io.netty.channel.AbstractChannelHandlerContext.invokeChannelRead(AbstractChannelHandlerContext.java:348)
		io.netty.channel.AbstractChannelHandlerContext.fireChannelRead(AbstractChannelHandlerContext.java:340)
		io.netty.channel.DefaultChannelPipeline$HeadContext.channelRead(DefaultChannelPipeline.java:1334)
		io.netty.channel.AbstractChannelHandlerContext.invokeChannelRead(AbstractChannelHandlerContext.java:362)
		io.netty.channel.AbstractChannelHandlerContext.invokeChannelRead(AbstractChannelHandlerContext.java:348)
		io.netty.channel.DefaultChannelPipeline.fireChannelRead(DefaultChannelPipeline.java:926)
		io.netty.channel.nio.AbstractNioByteChannel$NioByteUnsafe.read(AbstractNioByteChannel.java:134)
		io.netty.channel.nio.NioEventLoop.processSelectedKey(NioEventLoop.java:624)
		io.netty.channel.nio.NioEventLoop.processSelectedKeysOptimized(NioEventLoop.java:559)
		io.netty.channel.nio.NioEventLoop.processSelectedKeys(NioEventLoop.java:476)
		io.netty.channel.nio.NioEventLoop.run(NioEventLoop.java:438)
		io.netty.util.concurrent.SingleThreadEventExecutor$5.run(SingleThreadEventExecutor.java:858)
		java.lang.Thread.run(Unknown Source)
2018-03-26 02:06:27
	java.lang.IllegalArgumentException: wrong number of arguments
		sun.reflect.NativeMethodAccessorImpl.invoke0(Native Method)
		sun.reflect.NativeMethodAccessorImpl.invoke(Unknown Source)
		sun.reflect.DelegatingMethodAccessorImpl.invoke(Unknown Source)
		java.lang.reflect.Method.invoke(Unknown Source)
		game.tools.rpc.linda.LindaRpcServer.executeHandler(LindaRpcServer.java:233)
		game.tools.rpc.linda.LindaRpcServer.access$0(LindaRpcServer.java:224)
		game.tools.rpc.linda.LindaRpcServer$1LindaHandler.channelRead(LindaRpcServer.java:204)
		io.netty.channel.AbstractChannelHandlerContext.invokeChannelRead(AbstractChannelHandlerContext.java:362)
		io.netty.channel.AbstractChannelHandlerContext.invokeChannelRead(AbstractChannelHandlerContext.java:348)
		io.netty.channel.AbstractChannelHandlerContext.fireChannelRead(AbstractChannelHandlerContext.java:340)
		io.netty.handler.codec.ByteToMessageDecoder.fireChannelRead(ByteToMessageDecoder.java:293)
		io.netty.handler.codec.ByteToMessageDecoder.channelRead(ByteToMessageDecoder.java:267)
		io.netty.channel.AbstractChannelHandlerContext.invokeChannelRead(AbstractChannelHandlerContext.java:362)
		io.netty.channel.AbstractChannelHandlerContext.invokeChannelRead(AbstractChannelHandlerContext.java:348)
		io.netty.channel.AbstractChannelHandlerContext.fireChannelRead(AbstractChannelHandlerContext.java:340)
		io.netty.channel.DefaultChannelPipeline$HeadContext.channelRead(DefaultChannelPipeline.java:1334)
		io.netty.channel.AbstractChannelHandlerContext.invokeChannelRead(AbstractChannelHandlerContext.java:362)
		io.netty.channel.AbstractChannelHandlerContext.invokeChannelRead(AbstractChannelHandlerContext.java:348)
		io.netty.channel.DefaultChannelPipeline.fireChannelRead(DefaultChannelPipeline.java:926)
		io.netty.channel.nio.AbstractNioByteChannel$NioByteUnsafe.read(AbstractNioByteChannel.java:134)
		io.netty.channel.nio.NioEventLoop.processSelectedKey(NioEventLoop.java:624)
		io.netty.channel.nio.NioEventLoop.processSelectedKeysOptimized(NioEventLoop.java:559)
		io.netty.channel.nio.NioEventLoop.processSelectedKeys(NioEventLoop.java:476)
		io.netty.channel.nio.NioEventLoop.run(NioEventLoop.java:438)
		io.netty.util.concurrent.SingleThreadEventExecutor$5.run(SingleThreadEventExecutor.java:858)
		java.lang.Thread.run(Unknown Source)
2018-03-26 02:06:27
	java.lang.IllegalArgumentException: wrong number of arguments
		sun.reflect.NativeMethodAccessorImpl.invoke0(Native Method)
		sun.reflect.NativeMethodAccessorImpl.invoke(Unknown Source)
		sun.reflect.DelegatingMethodAccessorImpl.invoke(Unknown Source)
		java.lang.reflect.Method.invoke(Unknown Source)
		game.tools.rpc.linda.LindaRpcServer.executeHandler(LindaRpcServer.java:233)
		game.tools.rpc.linda.LindaRpcServer.access$0(LindaRpcServer.java:224)
		game.tools.rpc.linda.LindaRpcServer$1LindaHandler.channelRead(LindaRpcServer.java:204)
		io.netty.channel.AbstractChannelHandlerContext.invokeChannelRead(AbstractChannelHandlerContext.java:362)
		io.netty.channel.AbstractChannelHandlerContext.invokeChannelRead(AbstractChannelHandlerContext.java:348)
		io.netty.channel.AbstractChannelHandlerContext.fireChannelRead(AbstractChannelHandlerContext.java:340)
		io.netty.handler.codec.ByteToMessageDecoder.fireChannelRead(ByteToMessageDecoder.java:293)
		io.netty.handler.codec.ByteToMessageDecoder.channelRead(ByteToMessageDecoder.java:267)
		io.netty.channel.AbstractChannelHandlerContext.invokeChannelRead(AbstractChannelHandlerContext.java:362)
		io.netty.channel.AbstractChannelHandlerContext.invokeChannelRead(AbstractChannelHandlerContext.java:348)
		io.netty.channel.AbstractChannelHandlerContext.fireChannelRead(AbstractChannelHandlerContext.java:340)
		io.netty.channel.DefaultChannelPipeline$HeadContext.channelRead(DefaultChannelPipeline.java:1334)
		io.netty.channel.AbstractChannelHandlerContext.invokeChannelRead(AbstractChannelHandlerContext.java:362)
		io.netty.channel.AbstractChannelHandlerContext.invokeChannelRead(AbstractChannelHandlerContext.java:348)
		io.netty.channel.DefaultChannelPipeline.fireChannelRead(DefaultChannelPipeline.java:926)
		io.netty.channel.nio.AbstractNioByteChannel$NioByteUnsafe.read(AbstractNioByteChannel.java:134)
		io.netty.channel.nio.NioEventLoop.processSelectedKey(NioEventLoop.java:624)
		io.netty.channel.nio.NioEventLoop.processSelectedKeysOptimized(NioEventLoop.java:559)
		io.netty.channel.nio.NioEventLoop.processSelectedKeys(NioEventLoop.java:476)
		io.netty.channel.nio.NioEventLoop.run(NioEventLoop.java:438)
		io.netty.util.concurrent.SingleThreadEventExecutor$5.run(SingleThreadEventExecutor.java:858)
		java.lang.Thread.run(Unknown Source)
2018-03-26 02:07:05
	java.lang.IllegalArgumentException: wrong number of arguments
		sun.reflect.NativeMethodAccessorImpl.invoke0(Native Method)
		sun.reflect.NativeMethodAccessorImpl.invoke(Unknown Source)
		sun.reflect.DelegatingMethodAccessorImpl.invoke(Unknown Source)
		java.lang.reflect.Method.invoke(Unknown Source)
		game.tools.rpc.linda.LindaRpcServer.executeHandler(LindaRpcServer.java:233)
		game.tools.rpc.linda.LindaRpcServer.access$0(LindaRpcServer.java:224)
		game.tools.rpc.linda.LindaRpcServer$1LindaHandler.channelRead(LindaRpcServer.java:204)
		io.netty.channel.AbstractChannelHandlerContext.invokeChannelRead(AbstractChannelHandlerContext.java:362)
		io.netty.channel.AbstractChannelHandlerContext.invokeChannelRead(AbstractChannelHandlerContext.java:348)
		io.netty.channel.AbstractChannelHandlerContext.fireChannelRead(AbstractChannelHandlerContext.java:340)
		io.netty.handler.codec.ByteToMessageDecoder.fireChannelRead(ByteToMessageDecoder.java:293)
		io.netty.handler.codec.ByteToMessageDecoder.channelRead(ByteToMessageDecoder.java:267)
		io.netty.channel.AbstractChannelHandlerContext.invokeChannelRead(AbstractChannelHandlerContext.java:362)
		io.netty.channel.AbstractChannelHandlerContext.invokeChannelRead(AbstractChannelHandlerContext.java:348)
		io.netty.channel.AbstractChannelHandlerContext.fireChannelRead(AbstractChannelHandlerContext.java:340)
		io.netty.channel.DefaultChannelPipeline$HeadContext.channelRead(DefaultChannelPipeline.java:1334)
		io.netty.channel.AbstractChannelHandlerContext.invokeChannelRead(AbstractChannelHandlerContext.java:362)
		io.netty.channel.AbstractChannelHandlerContext.invokeChannelRead(AbstractChannelHandlerContext.java:348)
		io.netty.channel.DefaultChannelPipeline.fireChannelRead(DefaultChannelPipeline.java:926)
		io.netty.channel.nio.AbstractNioByteChannel$NioByteUnsafe.read(AbstractNioByteChannel.java:134)
		io.netty.channel.nio.NioEventLoop.processSelectedKey(NioEventLoop.java:624)
		io.netty.channel.nio.NioEventLoop.processSelectedKeysOptimized(NioEventLoop.java:559)
		io.netty.channel.nio.NioEventLoop.processSelectedKeys(NioEventLoop.java:476)
		io.netty.channel.nio.NioEventLoop.run(NioEventLoop.java:438)
		io.netty.util.concurrent.SingleThreadEventExecutor$5.run(SingleThreadEventExecutor.java:858)
		java.lang.Thread.run(Unknown Source)
2018-03-26 02:07:10
	java.lang.IllegalArgumentException: wrong number of arguments
		sun.reflect.NativeMethodAccessorImpl.invoke0(Native Method)
		sun.reflect.NativeMethodAccessorImpl.invoke(Unknown Source)
		sun.reflect.DelegatingMethodAccessorImpl.invoke(Unknown Source)
		java.lang.reflect.Method.invoke(Unknown Source)
		game.tools.rpc.linda.LindaRpcServer.executeHandler(LindaRpcServer.java:233)
		game.tools.rpc.linda.LindaRpcServer.access$0(LindaRpcServer.java:224)
		game.tools.rpc.linda.LindaRpcServer$1LindaHandler.channelRead(LindaRpcServer.java:204)
		io.netty.channel.AbstractChannelHandlerContext.invokeChannelRead(AbstractChannelHandlerContext.java:362)
		io.netty.channel.AbstractChannelHandlerContext.invokeChannelRead(AbstractChannelHandlerContext.java:348)
		io.netty.channel.AbstractChannelHandlerContext.fireChannelRead(AbstractChannelHandlerContext.java:340)
		io.netty.handler.codec.ByteToMessageDecoder.fireChannelRead(ByteToMessageDecoder.java:293)
		io.netty.handler.codec.ByteToMessageDecoder.channelRead(ByteToMessageDecoder.java:267)
		io.netty.channel.AbstractChannelHandlerContext.invokeChannelRead(AbstractChannelHandlerContext.java:362)
		io.netty.channel.AbstractChannelHandlerContext.invokeChannelRead(AbstractChannelHandlerContext.java:348)
		io.netty.channel.AbstractChannelHandlerContext.fireChannelRead(AbstractChannelHandlerContext.java:340)
		io.netty.channel.DefaultChannelPipeline$HeadContext.channelRead(DefaultChannelPipeline.java:1334)
		io.netty.channel.AbstractChannelHandlerContext.invokeChannelRead(AbstractChannelHandlerContext.java:362)
		io.netty.channel.AbstractChannelHandlerContext.invokeChannelRead(AbstractChannelHandlerContext.java:348)
		io.netty.channel.DefaultChannelPipeline.fireChannelRead(DefaultChannelPipeline.java:926)
		io.netty.channel.nio.AbstractNioByteChannel$NioByteUnsafe.read(AbstractNioByteChannel.java:134)
		io.netty.channel.nio.NioEventLoop.processSelectedKey(NioEventLoop.java:624)
		io.netty.channel.nio.NioEventLoop.processSelectedKeysOptimized(NioEventLoop.java:559)
		io.netty.channel.nio.NioEventLoop.processSelectedKeys(NioEventLoop.java:476)
		io.netty.channel.nio.NioEventLoop.run(NioEventLoop.java:438)
		io.netty.util.concurrent.SingleThreadEventExecutor$5.run(SingleThreadEventExecutor.java:858)
		java.lang.Thread.run(Unknown Source)
2018-03-26 02:59:49
	java.lang.Exception: ThreadResultMap Thread Is Empty!
		game.tools.rpc.linda.LindaRpcClient$1LindaHandler.channelRead(LindaRpcClient.java:134)
		io.netty.channel.AbstractChannelHandlerContext.invokeChannelRead(AbstractChannelHandlerContext.java:362)
		io.netty.channel.AbstractChannelHandlerContext.invokeChannelRead(AbstractChannelHandlerContext.java:348)
		io.netty.channel.AbstractChannelHandlerContext.fireChannelRead(AbstractChannelHandlerContext.java:340)
		io.netty.handler.codec.ByteToMessageDecoder.fireChannelRead(ByteToMessageDecoder.java:293)
		io.netty.handler.codec.ByteToMessageDecoder.channelRead(ByteToMessageDecoder.java:267)
		io.netty.channel.AbstractChannelHandlerContext.invokeChannelRead(AbstractChannelHandlerContext.java:362)
		io.netty.channel.AbstractChannelHandlerContext.invokeChannelRead(AbstractChannelHandlerContext.java:348)
		io.netty.channel.AbstractChannelHandlerContext.fireChannelRead(AbstractChannelHandlerContext.java:340)
		io.netty.channel.DefaultChannelPipeline$HeadContext.channelRead(DefaultChannelPipeline.java:1334)
		io.netty.channel.AbstractChannelHandlerContext.invokeChannelRead(AbstractChannelHandlerContext.java:362)
		io.netty.channel.AbstractChannelHandlerContext.invokeChannelRead(AbstractChannelHandlerContext.java:348)
		io.netty.channel.DefaultChannelPipeline.fireChannelRead(DefaultChannelPipeline.java:926)
		io.netty.channel.nio.AbstractNioByteChannel$NioByteUnsafe.read(AbstractNioByteChannel.java:134)
		io.netty.channel.nio.NioEventLoop.processSelectedKey(NioEventLoop.java:624)
		io.netty.channel.nio.NioEventLoop.processSelectedKeysOptimized(NioEventLoop.java:559)
		io.netty.channel.nio.NioEventLoop.processSelectedKeys(NioEventLoop.java:476)
		io.netty.channel.nio.NioEventLoop.run(NioEventLoop.java:438)
		io.netty.util.concurrent.SingleThreadEventExecutor$5.run(SingleThreadEventExecutor.java:858)
		io.netty.util.concurrent.DefaultThreadFactory$DefaultRunnableDecorator.run(DefaultThreadFactory.java:144)
		java.lang.Thread.run(Unknown Source)
2018-03-26 03:01:17
	java.lang.Exception: ThreadResultMap Thread Is Empty!
		game.tools.rpc.linda.LindaRpcClient$1LindaHandler.channelRead(LindaRpcClient.java:134)
		io.netty.channel.AbstractChannelHandlerContext.invokeChannelRead(AbstractChannelHandlerContext.java:362)
		io.netty.channel.AbstractChannelHandlerContext.invokeChannelRead(AbstractChannelHandlerContext.java:348)
		io.netty.channel.AbstractChannelHandlerContext.fireChannelRead(AbstractChannelHandlerContext.java:340)
		io.netty.handler.codec.ByteToMessageDecoder.fireChannelRead(ByteToMessageDecoder.java:293)
		io.netty.handler.codec.ByteToMessageDecoder.channelRead(ByteToMessageDecoder.java:267)
		io.netty.channel.AbstractChannelHandlerContext.invokeChannelRead(AbstractChannelHandlerContext.java:362)
		io.netty.channel.AbstractChannelHandlerContext.invokeChannelRead(AbstractChannelHandlerContext.java:348)
		io.netty.channel.AbstractChannelHandlerContext.fireChannelRead(AbstractChannelHandlerContext.java:340)
		io.netty.channel.DefaultChannelPipeline$HeadContext.channelRead(DefaultChannelPipeline.java:1334)
		io.netty.channel.AbstractChannelHandlerContext.invokeChannelRead(AbstractChannelHandlerContext.java:362)
		io.netty.channel.AbstractChannelHandlerContext.invokeChannelRead(AbstractChannelHandlerContext.java:348)
		io.netty.channel.DefaultChannelPipeline.fireChannelRead(DefaultChannelPipeline.java:926)
		io.netty.channel.nio.AbstractNioByteChannel$NioByteUnsafe.read(AbstractNioByteChannel.java:134)
		io.netty.channel.nio.NioEventLoop.processSelectedKey(NioEventLoop.java:624)
		io.netty.channel.nio.NioEventLoop.processSelectedKeysOptimized(NioEventLoop.java:559)
		io.netty.channel.nio.NioEventLoop.processSelectedKeys(NioEventLoop.java:476)
		io.netty.channel.nio.NioEventLoop.run(NioEventLoop.java:438)
		io.netty.util.concurrent.SingleThreadEventExecutor$5.run(SingleThreadEventExecutor.java:858)
		io.netty.util.concurrent.DefaultThreadFactory$DefaultRunnableDecorator.run(DefaultThreadFactory.java:144)
		java.lang.Thread.run(Unknown Source)
2018-03-26 03:01:17
	java.lang.Exception: ThreadResultMap Thread Is Empty!
		game.tools.rpc.linda.LindaRpcClient$1LindaHandler.channelRead(LindaRpcClient.java:134)
		io.netty.channel.AbstractChannelHandlerContext.invokeChannelRead(AbstractChannelHandlerContext.java:362)
		io.netty.channel.AbstractChannelHandlerContext.invokeChannelRead(AbstractChannelHandlerContext.java:348)
		io.netty.channel.AbstractChannelHandlerContext.fireChannelRead(AbstractChannelHandlerContext.java:340)
		io.netty.handler.codec.ByteToMessageDecoder.fireChannelRead(ByteToMessageDecoder.java:293)
		io.netty.handler.codec.ByteToMessageDecoder.channelRead(ByteToMessageDecoder.java:267)
		io.netty.channel.AbstractChannelHandlerContext.invokeChannelRead(AbstractChannelHandlerContext.java:362)
		io.netty.channel.AbstractChannelHandlerContext.invokeChannelRead(AbstractChannelHandlerContext.java:348)
		io.netty.channel.AbstractChannelHandlerContext.fireChannelRead(AbstractChannelHandlerContext.java:340)
		io.netty.channel.DefaultChannelPipeline$HeadContext.channelRead(DefaultChannelPipeline.java:1334)
		io.netty.channel.AbstractChannelHandlerContext.invokeChannelRead(AbstractChannelHandlerContext.java:362)
		io.netty.channel.AbstractChannelHandlerContext.invokeChannelRead(AbstractChannelHandlerContext.java:348)
		io.netty.channel.DefaultChannelPipeline.fireChannelRead(DefaultChannelPipeline.java:926)
		io.netty.channel.nio.AbstractNioByteChannel$NioByteUnsafe.read(AbstractNioByteChannel.java:134)
		io.netty.channel.nio.NioEventLoop.processSelectedKey(NioEventLoop.java:624)
		io.netty.channel.nio.NioEventLoop.processSelectedKeysOptimized(NioEventLoop.java:559)
		io.netty.channel.nio.NioEventLoop.processSelectedKeys(NioEventLoop.java:476)
		io.netty.channel.nio.NioEventLoop.run(NioEventLoop.java:438)
		io.netty.util.concurrent.SingleThreadEventExecutor$5.run(SingleThreadEventExecutor.java:858)
		io.netty.util.concurrent.DefaultThreadFactory$DefaultRunnableDecorator.run(DefaultThreadFactory.java:144)
		java.lang.Thread.run(Unknown Source)
2018-03-26 03:04:01
	java.lang.Exception: ThreadResultMap Thread Is Empty!
		game.tools.rpc.linda.LindaRpcClient$1LindaHandler.channelRead(LindaRpcClient.java:134)
		io.netty.channel.AbstractChannelHandlerContext.invokeChannelRead(AbstractChannelHandlerContext.java:362)
		io.netty.channel.AbstractChannelHandlerContext.invokeChannelRead(AbstractChannelHandlerContext.java:348)
		io.netty.channel.AbstractChannelHandlerContext.fireChannelRead(AbstractChannelHandlerContext.java:340)
		io.netty.handler.codec.ByteToMessageDecoder.fireChannelRead(ByteToMessageDecoder.java:293)
		io.netty.handler.codec.ByteToMessageDecoder.channelRead(ByteToMessageDecoder.java:267)
		io.netty.channel.AbstractChannelHandlerContext.invokeChannelRead(AbstractChannelHandlerContext.java:362)
		io.netty.channel.AbstractChannelHandlerContext.invokeChannelRead(AbstractChannelHandlerContext.java:348)
		io.netty.channel.AbstractChannelHandlerContext.fireChannelRead(AbstractChannelHandlerContext.java:340)
		io.netty.channel.DefaultChannelPipeline$HeadContext.channelRead(DefaultChannelPipeline.java:1334)
		io.netty.channel.AbstractChannelHandlerContext.invokeChannelRead(AbstractChannelHandlerContext.java:362)
		io.netty.channel.AbstractChannelHandlerContext.invokeChannelRead(AbstractChannelHandlerContext.java:348)
		io.netty.channel.DefaultChannelPipeline.fireChannelRead(DefaultChannelPipeline.java:926)
		io.netty.channel.nio.AbstractNioByteChannel$NioByteUnsafe.read(AbstractNioByteChannel.java:134)
		io.netty.channel.nio.NioEventLoop.processSelectedKey(NioEventLoop.java:624)
		io.netty.channel.nio.NioEventLoop.processSelectedKeysOptimized(NioEventLoop.java:559)
		io.netty.channel.nio.NioEventLoop.processSelectedKeys(NioEventLoop.java:476)
		io.netty.channel.nio.NioEventLoop.run(NioEventLoop.java:438)
		io.netty.util.concurrent.SingleThreadEventExecutor$5.run(SingleThreadEventExecutor.java:858)
		io.netty.util.concurrent.DefaultThreadFactory$DefaultRunnableDecorator.run(DefaultThreadFactory.java:144)
		java.lang.Thread.run(Unknown Source)
2018-03-26 03:12:35
	java.lang.Exception: ThreadResultMap Thread Is Empty!
		game.tools.rpc.linda.LindaRpcClient$1LindaHandler.channelRead(LindaRpcClient.java:134)
		io.netty.channel.AbstractChannelHandlerContext.invokeChannelRead(AbstractChannelHandlerContext.java:362)
		io.netty.channel.AbstractChannelHandlerContext.invokeChannelRead(AbstractChannelHandlerContext.java:348)
		io.netty.channel.AbstractChannelHandlerContext.fireChannelRead(AbstractChannelHandlerContext.java:340)
		io.netty.handler.codec.ByteToMessageDecoder.fireChannelRead(ByteToMessageDecoder.java:293)
		io.netty.handler.codec.ByteToMessageDecoder.channelRead(ByteToMessageDecoder.java:267)
		io.netty.channel.AbstractChannelHandlerContext.invokeChannelRead(AbstractChannelHandlerContext.java:362)
		io.netty.channel.AbstractChannelHandlerContext.invokeChannelRead(AbstractChannelHandlerContext.java:348)
		io.netty.channel.AbstractChannelHandlerContext.fireChannelRead(AbstractChannelHandlerContext.java:340)
		io.netty.channel.DefaultChannelPipeline$HeadContext.channelRead(DefaultChannelPipeline.java:1334)
		io.netty.channel.AbstractChannelHandlerContext.invokeChannelRead(AbstractChannelHandlerContext.java:362)
		io.netty.channel.AbstractChannelHandlerContext.invokeChannelRead(AbstractChannelHandlerContext.java:348)
		io.netty.channel.DefaultChannelPipeline.fireChannelRead(DefaultChannelPipeline.java:926)
		io.netty.channel.nio.AbstractNioByteChannel$NioByteUnsafe.read(AbstractNioByteChannel.java:134)
		io.netty.channel.nio.NioEventLoop.processSelectedKey(NioEventLoop.java:624)
		io.netty.channel.nio.NioEventLoop.processSelectedKeysOptimized(NioEventLoop.java:559)
		io.netty.channel.nio.NioEventLoop.processSelectedKeys(NioEventLoop.java:476)
		io.netty.channel.nio.NioEventLoop.run(NioEventLoop.java:438)
		io.netty.util.concurrent.SingleThreadEventExecutor$5.run(SingleThreadEventExecutor.java:858)
		io.netty.util.concurrent.DefaultThreadFactory$DefaultRunnableDecorator.run(DefaultThreadFactory.java:144)
		java.lang.Thread.run(Unknown Source)
2018-03-26 03:12:35
	java.lang.Exception: ThreadResultMap Thread Is Empty!
		game.tools.rpc.linda.LindaRpcClient$1LindaHandler.channelRead(LindaRpcClient.java:134)
		io.netty.channel.AbstractChannelHandlerContext.invokeChannelRead(AbstractChannelHandlerContext.java:362)
		io.netty.channel.AbstractChannelHandlerContext.invokeChannelRead(AbstractChannelHandlerContext.java:348)
		io.netty.channel.AbstractChannelHandlerContext.fireChannelRead(AbstractChannelHandlerContext.java:340)
		io.netty.handler.codec.ByteToMessageDecoder.fireChannelRead(ByteToMessageDecoder.java:293)
		io.netty.handler.codec.ByteToMessageDecoder.fireChannelRead(ByteToMessageDecoder.java:280)
		io.netty.handler.codec.ByteToMessageDecoder.callDecode(ByteToMessageDecoder.java:396)
		io.netty.handler.codec.ByteToMessageDecoder.channelRead(ByteToMessageDecoder.java:248)
		io.netty.channel.AbstractChannelHandlerContext.invokeChannelRead(AbstractChannelHandlerContext.java:362)
		io.netty.channel.AbstractChannelHandlerContext.invokeChannelRead(AbstractChannelHandlerContext.java:348)
		io.netty.channel.AbstractChannelHandlerContext.fireChannelRead(AbstractChannelHandlerContext.java:340)
		io.netty.channel.DefaultChannelPipeline$HeadContext.channelRead(DefaultChannelPipeline.java:1334)
		io.netty.channel.AbstractChannelHandlerContext.invokeChannelRead(AbstractChannelHandlerContext.java:362)
		io.netty.channel.AbstractChannelHandlerContext.invokeChannelRead(AbstractChannelHandlerContext.java:348)
		io.netty.channel.DefaultChannelPipeline.fireChannelRead(DefaultChannelPipeline.java:926)
		io.netty.channel.nio.AbstractNioByteChannel$NioByteUnsafe.read(AbstractNioByteChannel.java:134)
		io.netty.channel.nio.NioEventLoop.processSelectedKey(NioEventLoop.java:624)
		io.netty.channel.nio.NioEventLoop.processSelectedKeysOptimized(NioEventLoop.java:559)
		io.netty.channel.nio.NioEventLoop.processSelectedKeys(NioEventLoop.java:476)
		io.netty.channel.nio.NioEventLoop.run(NioEventLoop.java:438)
		io.netty.util.concurrent.SingleThreadEventExecutor$5.run(SingleThreadEventExecutor.java:858)
		io.netty.util.concurrent.DefaultThreadFactory$DefaultRunnableDecorator.run(DefaultThreadFactory.java:144)
		java.lang.Thread.run(Unknown Source)
2018-03-26 03:12:35
	java.lang.Exception: ThreadResultMap Thread Is Empty!
		game.tools.rpc.linda.LindaRpcClient$1LindaHandler.channelRead(LindaRpcClient.java:134)
		io.netty.channel.AbstractChannelHandlerContext.invokeChannelRead(AbstractChannelHandlerContext.java:362)
		io.netty.channel.AbstractChannelHandlerContext.invokeChannelRead(AbstractChannelHandlerContext.java:348)
		io.netty.channel.AbstractChannelHandlerContext.fireChannelRead(AbstractChannelHandlerContext.java:340)
		io.netty.handler.codec.ByteToMessageDecoder.fireChannelRead(ByteToMessageDecoder.java:293)
		io.netty.handler.codec.ByteToMessageDecoder.channelRead(ByteToMessageDecoder.java:267)
		io.netty.channel.AbstractChannelHandlerContext.invokeChannelRead(AbstractChannelHandlerContext.java:362)
		io.netty.channel.AbstractChannelHandlerContext.invokeChannelRead(AbstractChannelHandlerContext.java:348)
		io.netty.channel.AbstractChannelHandlerContext.fireChannelRead(AbstractChannelHandlerContext.java:340)
		io.netty.channel.DefaultChannelPipeline$HeadContext.channelRead(DefaultChannelPipeline.java:1334)
		io.netty.channel.AbstractChannelHandlerContext.invokeChannelRead(AbstractChannelHandlerContext.java:362)
		io.netty.channel.AbstractChannelHandlerContext.invokeChannelRead(AbstractChannelHandlerContext.java:348)
		io.netty.channel.DefaultChannelPipeline.fireChannelRead(DefaultChannelPipeline.java:926)
		io.netty.channel.nio.AbstractNioByteChannel$NioByteUnsafe.read(AbstractNioByteChannel.java:134)
		io.netty.channel.nio.NioEventLoop.processSelectedKey(NioEventLoop.java:624)
		io.netty.channel.nio.NioEventLoop.processSelectedKeysOptimized(NioEventLoop.java:559)
		io.netty.channel.nio.NioEventLoop.processSelectedKeys(NioEventLoop.java:476)
		io.netty.channel.nio.NioEventLoop.run(NioEventLoop.java:438)
		io.netty.util.concurrent.SingleThreadEventExecutor$5.run(SingleThreadEventExecutor.java:858)
		io.netty.util.concurrent.DefaultThreadFactory$DefaultRunnableDecorator.run(DefaultThreadFactory.java:144)
		java.lang.Thread.run(Unknown Source)
2018-03-26 03:12:35
	java.lang.Exception: ThreadResultMap Thread Is Empty!
		game.tools.rpc.linda.LindaRpcClient$1LindaHandler.channelRead(LindaRpcClient.java:134)
		io.netty.channel.AbstractChannelHandlerContext.invokeChannelRead(AbstractChannelHandlerContext.java:362)
		io.netty.channel.AbstractChannelHandlerContext.invokeChannelRead(AbstractChannelHandlerContext.java:348)
		io.netty.channel.AbstractChannelHandlerContext.fireChannelRead(AbstractChannelHandlerContext.java:340)
		io.netty.handler.codec.ByteToMessageDecoder.fireChannelRead(ByteToMessageDecoder.java:293)
		io.netty.handler.codec.ByteToMessageDecoder.channelRead(ByteToMessageDecoder.java:267)
		io.netty.channel.AbstractChannelHandlerContext.invokeChannelRead(AbstractChannelHandlerContext.java:362)
		io.netty.channel.AbstractChannelHandlerContext.invokeChannelRead(AbstractChannelHandlerContext.java:348)
		io.netty.channel.AbstractChannelHandlerContext.fireChannelRead(AbstractChannelHandlerContext.java:340)
		io.netty.channel.DefaultChannelPipeline$HeadContext.channelRead(DefaultChannelPipeline.java:1334)
		io.netty.channel.AbstractChannelHandlerContext.invokeChannelRead(AbstractChannelHandlerContext.java:362)
		io.netty.channel.AbstractChannelHandlerContext.invokeChannelRead(AbstractChannelHandlerContext.java:348)
		io.netty.channel.DefaultChannelPipeline.fireChannelRead(DefaultChannelPipeline.java:926)
		io.netty.channel.nio.AbstractNioByteChannel$NioByteUnsafe.read(AbstractNioByteChannel.java:134)
		io.netty.channel.nio.NioEventLoop.processSelectedKey(NioEventLoop.java:624)
		io.netty.channel.nio.NioEventLoop.processSelectedKeysOptimized(NioEventLoop.java:559)
		io.netty.channel.nio.NioEventLoop.processSelectedKeys(NioEventLoop.java:476)
		io.netty.channel.nio.NioEventLoop.run(NioEventLoop.java:438)
		io.netty.util.concurrent.SingleThreadEventExecutor$5.run(SingleThreadEventExecutor.java:858)
		io.netty.util.concurrent.DefaultThreadFactory$DefaultRunnableDecorator.run(DefaultThreadFactory.java:144)
		java.lang.Thread.run(Unknown Source)
2018-03-26 03:12:35
	java.lang.Exception: ThreadResultMap Thread Is Empty!
		game.tools.rpc.linda.LindaRpcClient$1LindaHandler.channelRead(LindaRpcClient.java:134)
		io.netty.channel.AbstractChannelHandlerContext.invokeChannelRead(AbstractChannelHandlerContext.java:362)
		io.netty.channel.AbstractChannelHandlerContext.invokeChannelRead(AbstractChannelHandlerContext.java:348)
		io.netty.channel.AbstractChannelHandlerContext.fireChannelRead(AbstractChannelHandlerContext.java:340)
		io.netty.handler.codec.ByteToMessageDecoder.fireChannelRead(ByteToMessageDecoder.java:293)
		io.netty.handler.codec.ByteToMessageDecoder.channelRead(ByteToMessageDecoder.java:267)
		io.netty.channel.AbstractChannelHandlerContext.invokeChannelRead(AbstractChannelHandlerContext.java:362)
		io.netty.channel.AbstractChannelHandlerContext.invokeChannelRead(AbstractChannelHandlerContext.java:348)
		io.netty.channel.AbstractChannelHandlerContext.fireChannelRead(AbstractChannelHandlerContext.java:340)
		io.netty.channel.DefaultChannelPipeline$HeadContext.channelRead(DefaultChannelPipeline.java:1334)
		io.netty.channel.AbstractChannelHandlerContext.invokeChannelRead(AbstractChannelHandlerContext.java:362)
		io.netty.channel.AbstractChannelHandlerContext.invokeChannelRead(AbstractChannelHandlerContext.java:348)
		io.netty.channel.DefaultChannelPipeline.fireChannelRead(DefaultChannelPipeline.java:926)
		io.netty.channel.nio.AbstractNioByteChannel$NioByteUnsafe.read(AbstractNioByteChannel.java:134)
		io.netty.channel.nio.NioEventLoop.processSelectedKey(NioEventLoop.java:624)
		io.netty.channel.nio.NioEventLoop.processSelectedKeysOptimized(NioEventLoop.java:559)
		io.netty.channel.nio.NioEventLoop.processSelectedKeys(NioEventLoop.java:476)
		io.netty.channel.nio.NioEventLoop.run(NioEventLoop.java:438)
		io.netty.util.concurrent.SingleThreadEventExecutor$5.run(SingleThreadEventExecutor.java:858)
		io.netty.util.concurrent.DefaultThreadFactory$DefaultRunnableDecorator.run(DefaultThreadFactory.java:144)
		java.lang.Thread.run(Unknown Source)
2018-03-26 03:12:35
	java.lang.Exception: ThreadResultMap Thread Is Empty!
		game.tools.rpc.linda.LindaRpcClient$1LindaHandler.channelRead(LindaRpcClient.java:134)
		io.netty.channel.AbstractChannelHandlerContext.invokeChannelRead(AbstractChannelHandlerContext.java:362)
		io.netty.channel.AbstractChannelHandlerContext.invokeChannelRead(AbstractChannelHandlerContext.java:348)
		io.netty.channel.AbstractChannelHandlerContext.fireChannelRead(AbstractChannelHandlerContext.java:340)
		io.netty.handler.codec.ByteToMessageDecoder.fireChannelRead(ByteToMessageDecoder.java:293)
		io.netty.handler.codec.ByteToMessageDecoder.channelRead(ByteToMessageDecoder.java:267)
		io.netty.channel.AbstractChannelHandlerContext.invokeChannelRead(AbstractChannelHandlerContext.java:362)
		io.netty.channel.AbstractChannelHandlerContext.invokeChannelRead(AbstractChannelHandlerContext.java:348)
		io.netty.channel.AbstractChannelHandlerContext.fireChannelRead(AbstractChannelHandlerContext.java:340)
		io.netty.channel.DefaultChannelPipeline$HeadContext.channelRead(DefaultChannelPipeline.java:1334)
		io.netty.channel.AbstractChannelHandlerContext.invokeChannelRead(AbstractChannelHandlerContext.java:362)
		io.netty.channel.AbstractChannelHandlerContext.invokeChannelRead(AbstractChannelHandlerContext.java:348)
		io.netty.channel.DefaultChannelPipeline.fireChannelRead(DefaultChannelPipeline.java:926)
		io.netty.channel.nio.AbstractNioByteChannel$NioByteUnsafe.read(AbstractNioByteChannel.java:134)
		io.netty.channel.nio.NioEventLoop.processSelectedKey(NioEventLoop.java:624)
		io.netty.channel.nio.NioEventLoop.processSelectedKeysOptimized(NioEventLoop.java:559)
		io.netty.channel.nio.NioEventLoop.processSelectedKeys(NioEventLoop.java:476)
		io.netty.channel.nio.NioEventLoop.run(NioEventLoop.java:438)
		io.netty.util.concurrent.SingleThreadEventExecutor$5.run(SingleThreadEventExecutor.java:858)
		io.netty.util.concurrent.DefaultThreadFactory$DefaultRunnableDecorator.run(DefaultThreadFactory.java:144)
		java.lang.Thread.run(Unknown Source)
2018-03-26 03:12:35
	java.lang.Exception: ThreadResultMap Thread Is Empty!
		game.tools.rpc.linda.LindaRpcClient$1LindaHandler.channelRead(LindaRpcClient.java:134)
		io.netty.channel.AbstractChannelHandlerContext.invokeChannelRead(AbstractChannelHandlerContext.java:362)
		io.netty.channel.AbstractChannelHandlerContext.invokeChannelRead(AbstractChannelHandlerContext.java:348)
		io.netty.channel.AbstractChannelHandlerContext.fireChannelRead(AbstractChannelHandlerContext.java:340)
		io.netty.handler.codec.ByteToMessageDecoder.fireChannelRead(ByteToMessageDecoder.java:293)
		io.netty.handler.codec.ByteToMessageDecoder.channelRead(ByteToMessageDecoder.java:267)
		io.netty.channel.AbstractChannelHandlerContext.invokeChannelRead(AbstractChannelHandlerContext.java:362)
		io.netty.channel.AbstractChannelHandlerContext.invokeChannelRead(AbstractChannelHandlerContext.java:348)
		io.netty.channel.AbstractChannelHandlerContext.fireChannelRead(AbstractChannelHandlerContext.java:340)
		io.netty.channel.DefaultChannelPipeline$HeadContext.channelRead(DefaultChannelPipeline.java:1334)
		io.netty.channel.AbstractChannelHandlerContext.invokeChannelRead(AbstractChannelHandlerContext.java:362)
		io.netty.channel.AbstractChannelHandlerContext.invokeChannelRead(AbstractChannelHandlerContext.java:348)
		io.netty.channel.DefaultChannelPipeline.fireChannelRead(DefaultChannelPipeline.java:926)
		io.netty.channel.nio.AbstractNioByteChannel$NioByteUnsafe.read(AbstractNioByteChannel.java:134)
		io.netty.channel.nio.NioEventLoop.processSelectedKey(NioEventLoop.java:624)
		io.netty.channel.nio.NioEventLoop.processSelectedKeysOptimized(NioEventLoop.java:559)
		io.netty.channel.nio.NioEventLoop.processSelectedKeys(NioEventLoop.java:476)
		io.netty.channel.nio.NioEventLoop.run(NioEventLoop.java:438)
		io.netty.util.concurrent.SingleThreadEventExecutor$5.run(SingleThreadEventExecutor.java:858)
		io.netty.util.concurrent.DefaultThreadFactory$DefaultRunnableDecorator.run(DefaultThreadFactory.java:144)
		java.lang.Thread.run(Unknown Source)
2018-03-26 03:12:35
	java.lang.Exception: ThreadResultMap Thread Is Empty!
		game.tools.rpc.linda.LindaRpcClient$1LindaHandler.channelRead(LindaRpcClient.java:134)
		io.netty.channel.AbstractChannelHandlerContext.invokeChannelRead(AbstractChannelHandlerContext.java:362)
		io.netty.channel.AbstractChannelHandlerContext.invokeChannelRead(AbstractChannelHandlerContext.java:348)
		io.netty.channel.AbstractChannelHandlerContext.fireChannelRead(AbstractChannelHandlerContext.java:340)
		io.netty.handler.codec.ByteToMessageDecoder.fireChannelRead(ByteToMessageDecoder.java:293)
		io.netty.handler.codec.ByteToMessageDecoder.channelRead(ByteToMessageDecoder.java:267)
		io.netty.channel.AbstractChannelHandlerContext.invokeChannelRead(AbstractChannelHandlerContext.java:362)
		io.netty.channel.AbstractChannelHandlerContext.invokeChannelRead(AbstractChannelHandlerContext.java:348)
		io.netty.channel.AbstractChannelHandlerContext.fireChannelRead(AbstractChannelHandlerContext.java:340)
		io.netty.channel.DefaultChannelPipeline$HeadContext.channelRead(DefaultChannelPipeline.java:1334)
		io.netty.channel.AbstractChannelHandlerContext.invokeChannelRead(AbstractChannelHandlerContext.java:362)
		io.netty.channel.AbstractChannelHandlerContext.invokeChannelRead(AbstractChannelHandlerContext.java:348)
		io.netty.channel.DefaultChannelPipeline.fireChannelRead(DefaultChannelPipeline.java:926)
		io.netty.channel.nio.AbstractNioByteChannel$NioByteUnsafe.read(AbstractNioByteChannel.java:134)
		io.netty.channel.nio.NioEventLoop.processSelectedKey(NioEventLoop.java:624)
		io.netty.channel.nio.NioEventLoop.processSelectedKeysOptimized(NioEventLoop.java:559)
		io.netty.channel.nio.NioEventLoop.processSelectedKeys(NioEventLoop.java:476)
		io.netty.channel.nio.NioEventLoop.run(NioEventLoop.java:438)
		io.netty.util.concurrent.SingleThreadEventExecutor$5.run(SingleThreadEventExecutor.java:858)
		io.netty.util.concurrent.DefaultThreadFactory$DefaultRunnableDecorator.run(DefaultThreadFactory.java:144)
		java.lang.Thread.run(Unknown Source)
2018-03-26 03:19:35
	java.lang.Exception: Warning : Table constant_s at did not find the "ID"  field at primary key !
		game.tools.db.cache.CacheFromData.getJavaMapObject(CacheFromData.java:833)
		game.tools.db.cache.CacheFromData.fillJavaCacheMapObject(CacheFromData.java:705)
		game.tools.db.cache.CacheFromData.initCacheFromTableData(CacheFromData.java:557)
		game.tools.db.cache.CacheFromData.main(CacheFromData.java:57)
2018-03-26 03:20:20
	java.lang.Exception: Netty4ProtocolHandler : duplicate protocolNo key !! at 110001
		game.tools.net.netty4.protocol.Netty4ProtocolHandler.init(Netty4ProtocolHandler.java:106)
		game.tools.net.netty4.protocol.Netty4ProtocolHandler.<init>(Netty4ProtocolHandler.java:78)
		game.tools.net.netty4.protocol.Netty4ProtocolHandler.<init>(Netty4ProtocolHandler.java:58)
		game.tools.net.netty4.protocol.Netty4ProtocolServerMain.main(Netty4ProtocolServerMain.java:17)
2018-03-26 03:21:51
	java.lang.Exception: ThreadResultMap Thread Is Empty!
		game.tools.rpc.linda.LindaRpcClient$1LindaHandler.channelRead(LindaRpcClient.java:134)
		io.netty.channel.AbstractChannelHandlerContext.invokeChannelRead(AbstractChannelHandlerContext.java:362)
		io.netty.channel.AbstractChannelHandlerContext.invokeChannelRead(AbstractChannelHandlerContext.java:348)
		io.netty.channel.AbstractChannelHandlerContext.fireChannelRead(AbstractChannelHandlerContext.java:340)
		io.netty.handler.codec.ByteToMessageDecoder.fireChannelRead(ByteToMessageDecoder.java:293)
		io.netty.handler.codec.ByteToMessageDecoder.channelRead(ByteToMessageDecoder.java:267)
		io.netty.channel.AbstractChannelHandlerContext.invokeChannelRead(AbstractChannelHandlerContext.java:362)
		io.netty.channel.AbstractChannelHandlerContext.invokeChannelRead(AbstractChannelHandlerContext.java:348)
		io.netty.channel.AbstractChannelHandlerContext.fireChannelRead(AbstractChannelHandlerContext.java:340)
		io.netty.channel.DefaultChannelPipeline$HeadContext.channelRead(DefaultChannelPipeline.java:1334)
		io.netty.channel.AbstractChannelHandlerContext.invokeChannelRead(AbstractChannelHandlerContext.java:362)
		io.netty.channel.AbstractChannelHandlerContext.invokeChannelRead(AbstractChannelHandlerContext.java:348)
		io.netty.channel.DefaultChannelPipeline.fireChannelRead(DefaultChannelPipeline.java:926)
		io.netty.channel.nio.AbstractNioByteChannel$NioByteUnsafe.read(AbstractNioByteChannel.java:134)
		io.netty.channel.nio.NioEventLoop.processSelectedKey(NioEventLoop.java:624)
		io.netty.channel.nio.NioEventLoop.processSelectedKeysOptimized(NioEventLoop.java:559)
		io.netty.channel.nio.NioEventLoop.processSelectedKeys(NioEventLoop.java:476)
		io.netty.channel.nio.NioEventLoop.run(NioEventLoop.java:438)
		io.netty.util.concurrent.SingleThreadEventExecutor$5.run(SingleThreadEventExecutor.java:858)
		io.netty.util.concurrent.DefaultThreadFactory$DefaultRunnableDecorator.run(DefaultThreadFactory.java:144)
		java.lang.Thread.run(Unknown Source)
2018-03-26 03:27:12
	java.lang.Exception: ThreadResultMap Thread Is Empty!
		game.tools.rpc.linda.LindaRpcClient$1LindaHandler.channelRead(LindaRpcClient.java:137)
		io.netty.channel.AbstractChannelHandlerContext.invokeChannelRead(AbstractChannelHandlerContext.java:362)
		io.netty.channel.AbstractChannelHandlerContext.invokeChannelRead(AbstractChannelHandlerContext.java:348)
		io.netty.channel.AbstractChannelHandlerContext.fireChannelRead(AbstractChannelHandlerContext.java:340)
		io.netty.handler.codec.ByteToMessageDecoder.fireChannelRead(ByteToMessageDecoder.java:293)
		io.netty.handler.codec.ByteToMessageDecoder.channelRead(ByteToMessageDecoder.java:267)
		io.netty.channel.AbstractChannelHandlerContext.invokeChannelRead(AbstractChannelHandlerContext.java:362)
		io.netty.channel.AbstractChannelHandlerContext.invokeChannelRead(AbstractChannelHandlerContext.java:348)
		io.netty.channel.AbstractChannelHandlerContext.fireChannelRead(AbstractChannelHandlerContext.java:340)
		io.netty.channel.DefaultChannelPipeline$HeadContext.channelRead(DefaultChannelPipeline.java:1334)
		io.netty.channel.AbstractChannelHandlerContext.invokeChannelRead(AbstractChannelHandlerContext.java:362)
		io.netty.channel.AbstractChannelHandlerContext.invokeChannelRead(AbstractChannelHandlerContext.java:348)
		io.netty.channel.DefaultChannelPipeline.fireChannelRead(DefaultChannelPipeline.java:926)
		io.netty.channel.nio.AbstractNioByteChannel$NioByteUnsafe.read(AbstractNioByteChannel.java:134)
		io.netty.channel.nio.NioEventLoop.processSelectedKey(NioEventLoop.java:624)
		io.netty.channel.nio.NioEventLoop.processSelectedKeysOptimized(NioEventLoop.java:559)
		io.netty.channel.nio.NioEventLoop.processSelectedKeys(NioEventLoop.java:476)
		io.netty.channel.nio.NioEventLoop.run(NioEventLoop.java:438)
		io.netty.util.concurrent.SingleThreadEventExecutor$5.run(SingleThreadEventExecutor.java:858)
		io.netty.util.concurrent.DefaultThreadFactory$DefaultRunnableDecorator.run(DefaultThreadFactory.java:144)
		java.lang.Thread.run(Unknown Source)
2018-03-26 03:33:17
	java.lang.Exception: ThreadResultMap Thread Is Empty!
		game.tools.rpc.linda.LindaRpcClient$1LindaHandler.channelRead(LindaRpcClient.java:138)
		io.netty.channel.AbstractChannelHandlerContext.invokeChannelRead(AbstractChannelHandlerContext.java:362)
		io.netty.channel.AbstractChannelHandlerContext.invokeChannelRead(AbstractChannelHandlerContext.java:348)
		io.netty.channel.AbstractChannelHandlerContext.fireChannelRead(AbstractChannelHandlerContext.java:340)
		io.netty.handler.codec.ByteToMessageDecoder.fireChannelRead(ByteToMessageDecoder.java:293)
		io.netty.handler.codec.ByteToMessageDecoder.channelRead(ByteToMessageDecoder.java:267)
		io.netty.channel.AbstractChannelHandlerContext.invokeChannelRead(AbstractChannelHandlerContext.java:362)
		io.netty.channel.AbstractChannelHandlerContext.invokeChannelRead(AbstractChannelHandlerContext.java:348)
		io.netty.channel.AbstractChannelHandlerContext.fireChannelRead(AbstractChannelHandlerContext.java:340)
		io.netty.channel.DefaultChannelPipeline$HeadContext.channelRead(DefaultChannelPipeline.java:1334)
		io.netty.channel.AbstractChannelHandlerContext.invokeChannelRead(AbstractChannelHandlerContext.java:362)
		io.netty.channel.AbstractChannelHandlerContext.invokeChannelRead(AbstractChannelHandlerContext.java:348)
		io.netty.channel.DefaultChannelPipeline.fireChannelRead(DefaultChannelPipeline.java:926)
		io.netty.channel.nio.AbstractNioByteChannel$NioByteUnsafe.read(AbstractNioByteChannel.java:134)
		io.netty.channel.nio.NioEventLoop.processSelectedKey(NioEventLoop.java:624)
		io.netty.channel.nio.NioEventLoop.processSelectedKeysOptimized(NioEventLoop.java:559)
		io.netty.channel.nio.NioEventLoop.processSelectedKeys(NioEventLoop.java:476)
		io.netty.channel.nio.NioEventLoop.run(NioEventLoop.java:438)
		io.netty.util.concurrent.SingleThreadEventExecutor$5.run(SingleThreadEventExecutor.java:858)
		io.netty.util.concurrent.DefaultThreadFactory$DefaultRunnableDecorator.run(DefaultThreadFactory.java:144)
		java.lang.Thread.run(Unknown Source)
2018-03-26 04:00:00
	java.lang.Exception: ThreadResultMap Thread Is Empty!
		game.tools.rpc.linda.LindaRpcClient$1LindaHandler.channelRead(LindaRpcClient.java:132)
		io.netty.channel.AbstractChannelHandlerContext.invokeChannelRead(AbstractChannelHandlerContext.java:362)
		io.netty.channel.AbstractChannelHandlerContext.invokeChannelRead(AbstractChannelHandlerContext.java:348)
		io.netty.channel.AbstractChannelHandlerContext.fireChannelRead(AbstractChannelHandlerContext.java:340)
		io.netty.handler.codec.ByteToMessageDecoder.fireChannelRead(ByteToMessageDecoder.java:293)
		io.netty.handler.codec.ByteToMessageDecoder.fireChannelRead(ByteToMessageDecoder.java:280)
		io.netty.handler.codec.ByteToMessageDecoder.callDecode(ByteToMessageDecoder.java:396)
		io.netty.handler.codec.ByteToMessageDecoder.channelRead(ByteToMessageDecoder.java:248)
		io.netty.channel.AbstractChannelHandlerContext.invokeChannelRead(AbstractChannelHandlerContext.java:362)
		io.netty.channel.AbstractChannelHandlerContext.invokeChannelRead(AbstractChannelHandlerContext.java:348)
		io.netty.channel.AbstractChannelHandlerContext.fireChannelRead(AbstractChannelHandlerContext.java:340)
		io.netty.channel.DefaultChannelPipeline$HeadContext.channelRead(DefaultChannelPipeline.java:1334)
		io.netty.channel.AbstractChannelHandlerContext.invokeChannelRead(AbstractChannelHandlerContext.java:362)
		io.netty.channel.AbstractChannelHandlerContext.invokeChannelRead(AbstractChannelHandlerContext.java:348)
		io.netty.channel.DefaultChannelPipeline.fireChannelRead(DefaultChannelPipeline.java:926)
		io.netty.channel.nio.AbstractNioByteChannel$NioByteUnsafe.read(AbstractNioByteChannel.java:134)
		io.netty.channel.nio.NioEventLoop.processSelectedKey(NioEventLoop.java:624)
		io.netty.channel.nio.NioEventLoop.processSelectedKeysOptimized(NioEventLoop.java:559)
		io.netty.channel.nio.NioEventLoop.processSelectedKeys(NioEventLoop.java:476)
		io.netty.channel.nio.NioEventLoop.run(NioEventLoop.java:438)
		io.netty.util.concurrent.SingleThreadEventExecutor$5.run(SingleThreadEventExecutor.java:858)
		io.netty.util.concurrent.DefaultThreadFactory$DefaultRunnableDecorator.run(DefaultThreadFactory.java:144)
		java.lang.Thread.run(Unknown Source)
2018-03-26 04:32:08
	java.lang.Exception: Warning : Table constant_s at did not find the "ID"  field at primary key !
		game.tools.db.cache.CacheFromData.getJavaMapObject(CacheFromData.java:833)
		game.tools.db.cache.CacheFromData.fillJavaCacheMapObject(CacheFromData.java:705)
		game.tools.db.cache.CacheFromData.initCacheFromTableData(CacheFromData.java:557)
		game.tools.db.cache.CacheFromData.main(CacheFromData.java:57)
2018-03-26 04:33:28
	java.lang.Exception: Netty4ProtocolHandler : duplicate protocolNo key !! at 110001
		game.tools.net.netty4.protocol.Netty4ProtocolHandler.init(Netty4ProtocolHandler.java:106)
		game.tools.net.netty4.protocol.Netty4ProtocolHandler.<init>(Netty4ProtocolHandler.java:78)
		game.tools.net.netty4.protocol.Netty4ProtocolHandler.<init>(Netty4ProtocolHandler.java:58)
		game.tools.net.netty4.protocol.Netty4ProtocolServerMain.main(Netty4ProtocolServerMain.java:17)
2018-03-26 04:34:12
	java.lang.Exception: Netty4ProtocolHandler : duplicate protocolNo key !! at 110001
		game.tools.net.netty4.protocol.Netty4ProtocolHandler.init(Netty4ProtocolHandler.java:106)
		game.tools.net.netty4.protocol.Netty4ProtocolHandler.<init>(Netty4ProtocolHandler.java:78)
		game.tools.net.netty4.protocol.Netty4ProtocolHandler.<init>(Netty4ProtocolHandler.java:58)
		game.tools.net.netty4.protocol.Netty4ProtocolServerMain.main(Netty4ProtocolServerMain.java:17)
2018-03-26 17:52:33
	java.lang.Exception: Netty4ProtocolHandler : duplicate protocolNo key !! at 110001
		game.tools.net.netty4.protocol.Netty4ProtocolHandler.init(Netty4ProtocolHandler.java:106)
		game.tools.net.netty4.protocol.Netty4ProtocolHandler.<init>(Netty4ProtocolHandler.java:78)
		game.tools.net.netty4.protocol.Netty4ProtocolHandler.<init>(Netty4ProtocolHandler.java:58)
		game.tools.net.netty4.protocol.Netty4ProtocolServerMain.main(Netty4ProtocolServerMain.java:17)
2018-03-26 21:19:57
	java.lang.Exception: Netty4ProtocolHandler : duplicate protocolNo key !! at 110001
		game.tools.net.netty4.protocol.Netty4ProtocolHandler.init(Netty4ProtocolHandler.java:103)
		game.tools.net.netty4.protocol.Netty4ProtocolHandler.<init>(Netty4ProtocolHandler.java:75)
		game.tools.net.netty4.protocol.Netty4ProtocolHandler.<init>(Netty4ProtocolHandler.java:57)
		game.tools.net.netty4.protocol.Netty4ProtocolServerMain.main(Netty4ProtocolServerMain.java:17)
2018-03-26 23:27:14
	java.lang.Exception: Netty4ProtocolHandler : duplicate protocolNo key !! at 120001
		game.tools.net.netty4.protocol.Netty4ProtocolHandler.init(Netty4ProtocolHandler.java:112)
		game.tools.net.netty4.protocol.Netty4ProtocolHandler.<init>(Netty4ProtocolHandler.java:84)
		game.tools.net.netty4.protocol.Netty4ProtocolHandler.<init>(Netty4ProtocolHandler.java:65)
		game.tools.net.netty4.protocol.Netty4ProtocolServerMain.main(Netty4ProtocolServerMain.java:42)
2018-03-26 23:28:05
	java.lang.IllegalArgumentException: wrong number of arguments
		sun.reflect.NativeMethodAccessorImpl.invoke0(Native Method)
		sun.reflect.NativeMethodAccessorImpl.invoke(Unknown Source)
		sun.reflect.DelegatingMethodAccessorImpl.invoke(Unknown Source)
		java.lang.reflect.Method.invoke(Unknown Source)
		game.tools.net.netty4.protocol.Netty4ProtocolHandler$1.run(Netty4ProtocolHandler.java:147)
		java.util.concurrent.ThreadPoolExecutor.runWorker(Unknown Source)
		java.util.concurrent.ThreadPoolExecutor$Worker.run(Unknown Source)
		java.lang.Thread.run(Unknown Source)
2018-03-26 23:28:23
	java.lang.IllegalArgumentException: wrong number of arguments
		sun.reflect.NativeMethodAccessorImpl.invoke0(Native Method)
		sun.reflect.NativeMethodAccessorImpl.invoke(Unknown Source)
		sun.reflect.DelegatingMethodAccessorImpl.invoke(Unknown Source)
		java.lang.reflect.Method.invoke(Unknown Source)
		game.tools.net.netty4.protocol.Netty4ProtocolHandler$1.run(Netty4ProtocolHandler.java:147)
		java.util.concurrent.ThreadPoolExecutor.runWorker(Unknown Source)
		java.util.concurrent.ThreadPoolExecutor$Worker.run(Unknown Source)
		java.lang.Thread.run(Unknown Source)
2018-03-26 23:28:53
	java.lang.IllegalArgumentException: argument type mismatch
		sun.reflect.NativeMethodAccessorImpl.invoke0(Native Method)
		sun.reflect.NativeMethodAccessorImpl.invoke(Unknown Source)
		sun.reflect.DelegatingMethodAccessorImpl.invoke(Unknown Source)
		java.lang.reflect.Method.invoke(Unknown Source)
		game.tools.net.netty4.protocol.Netty4ProtocolHandler$1.run(Netty4ProtocolHandler.java:147)
		java.util.concurrent.ThreadPoolExecutor.runWorker(Unknown Source)
		java.util.concurrent.ThreadPoolExecutor$Worker.run(Unknown Source)
		java.lang.Thread.run(Unknown Source)
2018-03-26 23:28:58
	java.lang.NullPointerException
		sun.reflect.NativeMethodAccessorImpl.invoke0(Native Method)
		sun.reflect.NativeMethodAccessorImpl.invoke(Unknown Source)
		sun.reflect.DelegatingMethodAccessorImpl.invoke(Unknown Source)
		java.lang.reflect.Method.invoke(Unknown Source)
		game.tools.net.netty4.protocol.Netty4ProtocolHandler$1.run(Netty4ProtocolHandler.java:147)
		java.util.concurrent.ThreadPoolExecutor.runWorker(Unknown Source)
		java.util.concurrent.ThreadPoolExecutor$Worker.run(Unknown Source)
		java.lang.Thread.run(Unknown Source)
2018-03-26 23:29:03
	java.lang.NullPointerException
		sun.reflect.NativeMethodAccessorImpl.invoke0(Native Method)
		sun.reflect.NativeMethodAccessorImpl.invoke(Unknown Source)
		sun.reflect.DelegatingMethodAccessorImpl.invoke(Unknown Source)
		java.lang.reflect.Method.invoke(Unknown Source)
		game.tools.net.netty4.protocol.Netty4ProtocolHandler$1.run(Netty4ProtocolHandler.java:147)
		java.util.concurrent.ThreadPoolExecutor.runWorker(Unknown Source)
		java.util.concurrent.ThreadPoolExecutor$Worker.run(Unknown Source)
		java.lang.Thread.run(Unknown Source)
2018-03-26 23:30:02
	java.lang.IllegalArgumentException: wrong number of arguments
		sun.reflect.NativeMethodAccessorImpl.invoke0(Native Method)
		sun.reflect.NativeMethodAccessorImpl.invoke(Unknown Source)
		sun.reflect.DelegatingMethodAccessorImpl.invoke(Unknown Source)
		java.lang.reflect.Method.invoke(Unknown Source)
		game.tools.net.netty4.protocol.Netty4ProtocolHandler$1.run(Netty4ProtocolHandler.java:150)
		java.util.concurrent.ThreadPoolExecutor.runWorker(Unknown Source)
		java.util.concurrent.ThreadPoolExecutor$Worker.run(Unknown Source)
		java.lang.Thread.run(Unknown Source)
2018-03-26 23:30:33
	java.lang.IllegalArgumentException: wrong number of arguments
		sun.reflect.NativeMethodAccessorImpl.invoke0(Native Method)
		sun.reflect.NativeMethodAccessorImpl.invoke(Unknown Source)
		sun.reflect.DelegatingMethodAccessorImpl.invoke(Unknown Source)
		java.lang.reflect.Method.invoke(Unknown Source)
		game.tools.net.netty4.protocol.Netty4ProtocolHandler$1.run(Netty4ProtocolHandler.java:150)
		java.util.concurrent.ThreadPoolExecutor.runWorker(Unknown Source)
		java.util.concurrent.ThreadPoolExecutor$Worker.run(Unknown Source)
		java.lang.Thread.run(Unknown Source)
2018-03-26 23:41:16
	java.lang.reflect.InvocationTargetException
		sun.reflect.NativeMethodAccessorImpl.invoke0(Native Method)
		sun.reflect.NativeMethodAccessorImpl.invoke(Unknown Source)
		sun.reflect.DelegatingMethodAccessorImpl.invoke(Unknown Source)
		java.lang.reflect.Method.invoke(Unknown Source)
		game.tools.net.netty4.protocol.Netty4ProtocolHandler$1.run(Netty4ProtocolHandler.java:162)
		java.util.concurrent.ThreadPoolExecutor.runWorker(Unknown Source)
		java.util.concurrent.ThreadPoolExecutor$Worker.run(Unknown Source)
		java.lang.Thread.run(Unknown Source)
2018-03-26 23:41:21
	java.lang.reflect.InvocationTargetException
		sun.reflect.NativeMethodAccessorImpl.invoke0(Native Method)
		sun.reflect.NativeMethodAccessorImpl.invoke(Unknown Source)
		sun.reflect.DelegatingMethodAccessorImpl.invoke(Unknown Source)
		java.lang.reflect.Method.invoke(Unknown Source)
		game.tools.net.netty4.protocol.Netty4ProtocolHandler$1.run(Netty4ProtocolHandler.java:162)
		java.util.concurrent.ThreadPoolExecutor.runWorker(Unknown Source)
		java.util.concurrent.ThreadPoolExecutor$Worker.run(Unknown Source)
		java.lang.Thread.run(Unknown Source)
2018-03-26 23:52:37
	java.lang.IllegalArgumentException: wrong number of arguments
		sun.reflect.NativeMethodAccessorImpl.invoke0(Native Method)
		sun.reflect.NativeMethodAccessorImpl.invoke(Unknown Source)
		sun.reflect.DelegatingMethodAccessorImpl.invoke(Unknown Source)
		java.lang.reflect.Method.invoke(Unknown Source)
		game.tools.net.netty4.protocol.Netty4ProtocolHandler$1.run(Netty4ProtocolHandler.java:166)
		java.util.concurrent.ThreadPoolExecutor.runWorker(Unknown Source)
		java.util.concurrent.ThreadPoolExecutor$Worker.run(Unknown Source)
		java.lang.Thread.run(Unknown Source)
2018-03-26 23:52:42
	java.lang.NullPointerException
		sun.reflect.NativeMethodAccessorImpl.invoke0(Native Method)
		sun.reflect.NativeMethodAccessorImpl.invoke(Unknown Source)
		sun.reflect.DelegatingMethodAccessorImpl.invoke(Unknown Source)
		java.lang.reflect.Method.invoke(Unknown Source)
		game.tools.net.netty4.protocol.Netty4ProtocolHandler$1.run(Netty4ProtocolHandler.java:166)
		java.util.concurrent.ThreadPoolExecutor.runWorker(Unknown Source)
		java.util.concurrent.ThreadPoolExecutor$Worker.run(Unknown Source)
		java.lang.Thread.run(Unknown Source)
2018-03-26 23:52:47
	java.lang.NullPointerException
		sun.reflect.NativeMethodAccessorImpl.invoke0(Native Method)
		sun.reflect.NativeMethodAccessorImpl.invoke(Unknown Source)
		sun.reflect.DelegatingMethodAccessorImpl.invoke(Unknown Source)
		java.lang.reflect.Method.invoke(Unknown Source)
		game.tools.net.netty4.protocol.Netty4ProtocolHandler$1.run(Netty4ProtocolHandler.java:166)
		java.util.concurrent.ThreadPoolExecutor.runWorker(Unknown Source)
		java.util.concurrent.ThreadPoolExecutor$Worker.run(Unknown Source)
		java.lang.Thread.run(Unknown Source)
